<?xml version="1.0" encoding="UTF-8"?>
<robot generator="Robot 5.0.1 (Python 3.10.5 on win32)" generated="20220628 06:23:37.985" rpa="false" schemaversion="3">
<suite id="s1" name="Online" source="C:\users\user\documents\dev\GravidadeZERO\yodapp\online.robot">
<test id="s1-t1" name="Yodapp deve estar online" line="7">
<kw name="New Browser" library="Browser">
<arg>webkit</arg>
<arg>headless=False</arg>
<arg>slowMo=00:00:03</arg>
<tag>BrowserControl</tag>
<tag>Setter</tag>
<doc>Create a new playwright Browser with specified options.</doc>
<msg timestamp="20220628 06:23:38.689" level="INFO">{"browser": "webkit", "headless": false, "handleSIGINT": true, "handleSIGTERM": true, "handleSIGHUP": true, "timeout": 30000.0, "devtools": false, "slowMo": 3000.0, "tracesDir": "C:\\users\\user\\documents\\dev\\GravidadeZERO\\yodapp\\browser\\traces\\daf21044-6e59-4d86-8ba5-c4023832e2bc"}</msg>
<msg timestamp="20220628 06:23:39.174" level="INFO">Successfully created browser with options: {"browser":"webkit","headless":false,"handleSIGINT":true,"handleSIGTERM":true,"handleSIGHUP":true,"timeout":30000,"devtools":false,"slowMo":3000,"tracesDir":"C:\\users\\user\\documents\\dev\\GravidadeZERO\\yodapp\\browser\\traces\\daf21044-6e59-4d86-8ba5-c4023832e2bc"}</msg>
<status status="PASS" starttime="20220628 06:23:38.688" endtime="20220628 06:23:39.174"/>
</kw>
<kw name="New Page" library="Browser">
<arg>http://yodapp.vercel.app</arg>
<tag>BrowserControl</tag>
<tag>Setter</tag>
<doc>Open a new Page.</doc>
<msg timestamp="20220628 06:23:43.252" level="INFO">Successfully initialized new page object and opened url: http://yodapp.vercel.app</msg>
<msg timestamp="20220628 06:23:43.253" level="INFO">No context was open. New context was automatically opened when this page is created.</msg>
<status status="PASS" starttime="20220628 06:23:39.175" endtime="20220628 06:23:43.253"/>
</kw>
<kw name="Get Title" library="Browser">
<arg>equal</arg>
<arg>Yodapp | QAninja</arg>
<tag>Assertion</tag>
<tag>Getter</tag>
<tag>PageContent</tag>
<doc>Returns the title of the current page.</doc>
<status status="PASS" starttime="20220628 06:23:43.253" endtime="20220628 06:23:43.265"/>
</kw>
<kw name="Take Screenshot" library="Browser">
<tag>PageContent</tag>
<doc>Takes a screenshot of the current window or element and saves it to disk.</doc>
<msg timestamp="20220628 06:23:43.353" level="INFO" html="true">&lt;/td&gt;&lt;/tr&gt;&lt;tr&gt;&lt;td colspan="3"&gt;&lt;a href="browser/screenshot/robotframework-browser-screenshot-1.png"&gt;&lt;img src="browser/screenshot/robotframework-browser-screenshot-1.png" width="800px"&gt;&lt;/a&gt;</msg>
<status status="PASS" starttime="20220628 06:23:43.266" endtime="20220628 06:23:43.353"/>
</kw>
<status status="PASS" starttime="20220628 06:23:38.686" endtime="20220628 06:23:43.354"/>
</test>
<doc>Suite de testes para verificar se o app está online</doc>
<status status="PASS" starttime="20220628 06:23:37.986" endtime="20220628 06:23:43.409"/>
</suite>
<statistics>
<total>
<stat pass="1" fail="0" skip="0">All Tests</stat>
</total>
<tag>
</tag>
<suite>
<stat pass="1" fail="0" skip="0" id="s1" name="Online">Online</stat>
</suite>
</statistics>
<errors>
</errors>
</robot>
