<?xml version="1.0" encoding="UTF-8"?>
<robot generator="Robot 5.0.1 (Python 3.10.5 on win32)" generated="20220629 05:35:08.700" rpa="false" schemaversion="3">
<suite id="s1" name="Online" source="C:\Users\User\Documents\dev\GravidadeZERO\yodapp\online.robot">
<test id="s1-t1" name="Yodapp deve estar online" line="7">
<kw name="New Browser" library="Browser">
<arg>chromium</arg>
<arg>headless=False</arg>
<arg>slowMo=00:00:01</arg>
<tag>BrowserControl</tag>
<tag>Setter</tag>
<doc>Create a new playwright Browser with specified options.</doc>
<msg timestamp="20220629 05:35:09.411" level="INFO">{"browser": "chromium", "headless": false, "handleSIGINT": true, "handleSIGTERM": true, "handleSIGHUP": true, "timeout": 30000.0, "devtools": false, "slowMo": 1000.0, "tracesDir": "C:\\Users\\User\\Documents\\dev\\GravidadeZERO\\yodapp\\logs\\browser\\traces\\2ab3edac-5c8e-4037-95fa-d90da995b3b5"}</msg>
<msg timestamp="20220629 05:35:10.786" level="INFO">Successfully created browser with options: {"browser":"chromium","headless":false,"handleSIGINT":true,"handleSIGTERM":true,"handleSIGHUP":true,"timeout":30000,"devtools":false,"slowMo":1000,"tracesDir":"C:\\Users\\User\\Documents\\dev\\GravidadeZERO\\yodapp\\logs\\browser\\traces\\2ab3edac-5c8e-4037-95fa-d90da995b3b5"}</msg>
<status status="PASS" starttime="20220629 05:35:09.411" endtime="20220629 05:35:10.786"/>
</kw>
<kw name="New Page" library="Browser">
<arg>http://yodapp.vercel.app</arg>
<tag>BrowserControl</tag>
<tag>Setter</tag>
<doc>Open a new Page.</doc>
<msg timestamp="20220629 05:35:13.219" level="INFO">Successfully initialized new page object and opened url: http://yodapp.vercel.app</msg>
<msg timestamp="20220629 05:35:13.219" level="INFO">No context was open. New context was automatically opened when this page is created.</msg>
<status status="PASS" starttime="20220629 05:35:10.787" endtime="20220629 05:35:13.219"/>
</kw>
<kw name="Get Title" library="Browser">
<arg>equal</arg>
<arg>Yodapp | QAninja</arg>
<tag>Assertion</tag>
<tag>Getter</tag>
<tag>PageContent</tag>
<doc>Returns the title of the current page.</doc>
<status status="PASS" starttime="20220629 05:35:13.220" endtime="20220629 05:35:13.225"/>
</kw>
<kw name="Take Screenshot" library="Browser">
<tag>PageContent</tag>
<doc>Takes a screenshot of the current window or element and saves it to disk.</doc>
<msg timestamp="20220629 05:35:13.437" level="INFO" html="true">&lt;/td&gt;&lt;/tr&gt;&lt;tr&gt;&lt;td colspan="3"&gt;&lt;a href="browser/screenshot/robotframework-browser-screenshot-1.png"&gt;&lt;img src="browser/screenshot/robotframework-browser-screenshot-1.png" width="800px"&gt;&lt;/a&gt;</msg>
<status status="PASS" starttime="20220629 05:35:13.225" endtime="20220629 05:35:13.438"/>
</kw>
<status status="PASS" starttime="20220629 05:35:09.404" endtime="20220629 05:35:13.438"/>
</test>
<test id="s1-t2" name="Deve exibir mensagem de boas vindas" line="16">
<kw name="New Browser" library="Browser">
<arg>chromium</arg>
<arg>headless=False</arg>
<arg>slowMo=00:00:01</arg>
<tag>BrowserControl</tag>
<tag>Setter</tag>
<doc>Create a new playwright Browser with specified options.</doc>
<msg timestamp="20220629 05:35:13.503" level="INFO">{"browser": "chromium", "headless": false, "handleSIGINT": true, "handleSIGTERM": true, "handleSIGHUP": true, "timeout": 30000.0, "devtools": false, "slowMo": 1000.0, "tracesDir": "C:\\Users\\User\\Documents\\dev\\GravidadeZERO\\yodapp\\logs\\browser\\traces\\166dea9c-168b-48a2-a2b4-cc8178879576"}</msg>
<msg timestamp="20220629 05:35:13.835" level="INFO">Successfully created browser with options: {"browser":"chromium","headless":false,"handleSIGINT":true,"handleSIGTERM":true,"handleSIGHUP":true,"timeout":30000,"devtools":false,"slowMo":1000,"tracesDir":"C:\\Users\\User\\Documents\\dev\\GravidadeZERO\\yodapp\\logs\\browser\\traces\\166dea9c-168b-48a2-a2b4-cc8178879576"}</msg>
<status status="PASS" starttime="20220629 05:35:13.502" endtime="20220629 05:35:13.836"/>
</kw>
<kw name="New Page" library="Browser">
<arg>http://yodapp.vercel.app</arg>
<tag>BrowserControl</tag>
<tag>Setter</tag>
<doc>Open a new Page.</doc>
<msg timestamp="20220629 05:35:15.714" level="INFO">Successfully initialized new page object and opened url: http://yodapp.vercel.app</msg>
<msg timestamp="20220629 05:35:15.714" level="INFO">No context was open. New context was automatically opened when this page is created.</msg>
<status status="PASS" starttime="20220629 05:35:13.836" endtime="20220629 05:35:15.714"/>
</kw>
<kw name="Wait For Elements State" library="Browser">
<arg>css=.navbar-item &gt;&gt; text=Que a Força (qualidade) esteja com você!</arg>
<arg>visible</arg>
<arg>5</arg>
<tag>PageContent</tag>
<tag>Wait</tag>
<doc>Waits for the element found by ``selector`` to satisfy state option.</doc>
<msg timestamp="20220629 05:35:15.737" level="INFO">Waited for Element with selector css=.navbar-item &gt;&gt; text=Que a Força (qualidade) esteja com você! at state visible</msg>
<status status="PASS" starttime="20220629 05:35:15.715" endtime="20220629 05:35:15.737"/>
</kw>
<kw name="Take Screenshot" library="Browser">
<tag>PageContent</tag>
<doc>Takes a screenshot of the current window or element and saves it to disk.</doc>
<msg timestamp="20220629 05:35:15.928" level="INFO" html="true">&lt;/td&gt;&lt;/tr&gt;&lt;tr&gt;&lt;td colspan="3"&gt;&lt;a href="browser/screenshot/robotframework-browser-screenshot-2.png"&gt;&lt;img src="browser/screenshot/robotframework-browser-screenshot-2.png" width="800px"&gt;&lt;/a&gt;</msg>
<status status="PASS" starttime="20220629 05:35:15.737" endtime="20220629 05:35:15.928"/>
</kw>
<status status="PASS" starttime="20220629 05:35:13.498" endtime="20220629 05:35:15.929"/>
</test>
<doc>Suite de testes para verificar se o app está online</doc>
<status status="PASS" starttime="20220629 05:35:08.702" endtime="20220629 05:35:15.970"/>
</suite>
<statistics>
<total>
<stat pass="2" fail="0" skip="0">All Tests</stat>
</total>
<tag>
</tag>
<suite>
<stat pass="2" fail="0" skip="0" id="s1" name="Online">Online</stat>
</suite>
</statistics>
<errors>
</errors>
</robot>
