<?xml version="1.0" encoding="UTF-8"?>
<robot generator="Robot 5.0.1 (Python 3.10.5 on win32)" generated="20220629 06:32:51.957" rpa="false" schemaversion="3">
<suite id="s1" name="Cadastro" source="C:\users\user\documents\dev\GravidadeZERO\yodapp\cadastro.robot">
<test id="s1-t1" name="Deve cadastrar um novo personagem" line="10">
<kw name="Start Session" library="base" type="SETUP">
<kw name="New Browser" library="Browser">
<arg>chromium</arg>
<arg>headless=False</arg>
<arg>slowMo=00:00:01</arg>
<tag>BrowserControl</tag>
<tag>Setter</tag>
<doc>Create a new playwright Browser with specified options.</doc>
<msg timestamp="20220629 06:32:52.663" level="INFO">{"browser": "chromium", "headless": false, "handleSIGINT": true, "handleSIGTERM": true, "handleSIGHUP": true, "timeout": 30000.0, "devtools": false, "slowMo": 1000.0, "tracesDir": "C:\\users\\user\\documents\\dev\\GravidadeZERO\\yodapp\\logs\\browser\\traces\\e6b64254-9009-4267-a0a3-758a4f4f506c"}</msg>
<msg timestamp="20220629 06:32:53.063" level="INFO">Successfully created browser with options: {"browser":"chromium","headless":false,"handleSIGINT":true,"handleSIGTERM":true,"handleSIGHUP":true,"timeout":30000,"devtools":false,"slowMo":1000,"tracesDir":"C:\\users\\user\\documents\\dev\\GravidadeZERO\\yodapp\\logs\\browser\\traces\\e6b64254-9009-4267-a0a3-758a4f4f506c"}</msg>
<status status="PASS" starttime="20220629 06:32:52.663" endtime="20220629 06:32:53.063"/>
</kw>
<kw name="New Page" library="Browser">
<arg>http://yodapp.vercel.app</arg>
<tag>BrowserControl</tag>
<tag>Setter</tag>
<doc>Open a new Page.</doc>
<msg timestamp="20220629 06:32:54.873" level="INFO">Successfully initialized new page object and opened url: http://yodapp.vercel.app</msg>
<msg timestamp="20220629 06:32:54.873" level="INFO">No context was open. New context was automatically opened when this page is created.</msg>
<status status="PASS" starttime="20220629 06:32:53.063" endtime="20220629 06:32:54.873"/>
</kw>
<status status="PASS" starttime="20220629 06:32:52.663" endtime="20220629 06:32:54.873"/>
</kw>
<kw name="Click" library="Browser">
<arg>text=Novo</arg>
<tag>PageContent</tag>
<tag>Setter</tag>
<doc>Simulates mouse click on the element found by ``selector``.</doc>
<status status="PASS" starttime="20220629 06:32:54.874" endtime="20220629 06:32:55.919"/>
</kw>
<kw name="Wait For Elements State" library="Browser">
<arg>css=.card-header-title &gt;&gt; text=Cadastrar novo usuário</arg>
<arg>visible</arg>
<arg>5</arg>
<tag>PageContent</tag>
<tag>Wait</tag>
<doc>Waits for the element found by ``selector`` to satisfy state option.</doc>
<msg timestamp="20220629 06:32:55.936" level="INFO">Waited for Element with selector css=.card-header-title &gt;&gt; text=Cadastrar novo usuário at state visible</msg>
<status status="PASS" starttime="20220629 06:32:55.920" endtime="20220629 06:32:55.937"/>
</kw>
<kw name="Fill Text" library="Browser">
<arg>css=input[placeholder^="Nome"]</arg>
<arg>Mestre Yoda</arg>
<tag>PageContent</tag>
<tag>Setter</tag>
<doc>Clears and fills the given ``txt`` into the text field found by ``selector``.</doc>
<msg timestamp="20220629 06:32:55.937" level="INFO">Fills the text 'Mestre Yoda' in the given field.</msg>
<status status="PASS" starttime="20220629 06:32:55.937" endtime="20220629 06:32:56.954"/>
</kw>
<kw name="Fill Text" library="Browser">
<arg>css=input[placeholder="Email"]</arg>
<arg>yoda@jedi.com</arg>
<tag>PageContent</tag>
<tag>Setter</tag>
<doc>Clears and fills the given ``txt`` into the text field found by ``selector``.</doc>
<msg timestamp="20220629 06:32:56.955" level="INFO">Fills the text 'yoda@jedi.com' in the given field.</msg>
<status status="PASS" starttime="20220629 06:32:56.955" endtime="20220629 06:32:57.987"/>
</kw>
<kw name="Fill Text" library="Browser">
<arg>id=insta</arg>
<arg>@yoda</arg>
<tag>PageContent</tag>
<tag>Setter</tag>
<doc>Clears and fills the given ``txt`` into the text field found by ``selector``.</doc>
<msg timestamp="20220629 06:32:57.987" level="INFO">Fills the text '@yoda' in the given field.</msg>
<status status="PASS" starttime="20220629 06:32:57.987" endtime="20220629 06:32:59.007"/>
</kw>
<kw name="Select Options By" library="Browser">
<arg>css=.ordem select</arg>
<arg>value</arg>
<arg>1</arg>
<tag>PageContent</tag>
<tag>Setter</tag>
<doc>Selects options from select element found by ``selector``.</doc>
<status status="PASS" starttime="20220629 06:32:59.007" endtime="20220629 06:33:01.064"/>
</kw>
<kw name="End Session" library="base" type="TEARDOWN">
<kw name="Take Screenshot" library="Browser">
<tag>PageContent</tag>
<doc>Takes a screenshot of the current window or element and saves it to disk.</doc>
<msg timestamp="20220629 06:33:01.162" level="INFO" html="true">&lt;/td&gt;&lt;/tr&gt;&lt;tr&gt;&lt;td colspan="3"&gt;&lt;a href="browser/screenshot/robotframework-browser-screenshot-1.png"&gt;&lt;img src="browser/screenshot/robotframework-browser-screenshot-1.png" width="800px"&gt;&lt;/a&gt;</msg>
<status status="PASS" starttime="20220629 06:33:01.064" endtime="20220629 06:33:01.162"/>
</kw>
<status status="PASS" starttime="20220629 06:33:01.064" endtime="20220629 06:33:01.163"/>
</kw>
<status status="PASS" starttime="20220629 06:32:52.660" endtime="20220629 06:33:01.163"/>
</test>
<doc>Suite de testes do cadastro de personagens</doc>
<status status="PASS" starttime="20220629 06:32:51.959" endtime="20220629 06:33:01.221"/>
</suite>
<statistics>
<total>
<stat pass="1" fail="0" skip="0">All Tests</stat>
</total>
<tag>
</tag>
<suite>
<stat pass="1" fail="0" skip="0" id="s1" name="Cadastro">Cadastro</stat>
</suite>
</statistics>
<errors>
</errors>
</robot>
