<?xml version="1.0" encoding="UTF-8"?>
<robot generator="Robot 5.0.1 (Python 3.10.5 on win32)" generated="20220704 09:50:06.891" rpa="false" schemaversion="3">
<suite id="s1" name="Tests" source="C:\users\user\documents\dev\GravidadeZERO\yodapp\tests">
<suite id="s1-s1" name="Cadastro" source="C:\users\user\documents\dev\GravidadeZERO\yodapp\tests\cadastro.robot">
<test id="s1-s1-t1" name="Deve cadastrar um novo personagem" line="12">
<kw name="Start Session" library="base" type="SETUP">
<kw name="New Browser" library="Browser">
<arg>chromium</arg>
<arg>headless=False</arg>
<arg>slowMo=00:00:00</arg>
<tag>BrowserControl</tag>
<tag>Setter</tag>
<doc>Create a new playwright Browser with specified options.</doc>
<msg timestamp="20220704 09:50:07.621" level="INFO">{"browser": "chromium", "headless": false, "handleSIGINT": true, "handleSIGTERM": true, "handleSIGHUP": true, "timeout": 30000.0, "devtools": false, "slowMo": 0.0, "tracesDir": "C:\\users\\user\\documents\\dev\\GravidadeZERO\\yodapp\\logs\\browser\\traces\\58c2ea8c-4ccd-47c9-80f3-802ebcf9109f"}</msg>
<msg timestamp="20220704 09:50:07.938" level="INFO">Successfully created browser with options: {"browser":"chromium","headless":false,"handleSIGINT":true,"handleSIGTERM":true,"handleSIGHUP":true,"timeout":30000,"devtools":false,"slowMo":0,"tracesDir":"C:\\users\\user\\documents\\dev\\GravidadeZERO\\yodapp\\logs\\browser\\traces\\58c2ea8c-4ccd-47c9-80f3-802ebcf9109f"}</msg>
<status status="PASS" starttime="20220704 09:50:07.620" endtime="20220704 09:50:07.938"/>
</kw>
<kw name="New Page" library="Browser">
<arg>http://yodapp-testing.vercel.app</arg>
<tag>BrowserControl</tag>
<tag>Setter</tag>
<doc>Open a new Page.</doc>
<msg timestamp="20220704 09:50:08.759" level="INFO">Successfully initialized new page object and opened url: http://yodapp-testing.vercel.app</msg>
<msg timestamp="20220704 09:50:08.759" level="INFO">No context was open. New context was automatically opened when this page is created.</msg>
<status status="PASS" starttime="20220704 09:50:07.938" endtime="20220704 09:50:08.759"/>
</kw>
<status status="PASS" starttime="20220704 09:50:07.620" endtime="20220704 09:50:08.760"/>
</kw>
<kw name="Factory Yoda" library="users">
<var>${user}</var>
<msg timestamp="20220704 09:50:08.761" level="INFO">${user} = {'name': 'Mestre Yoda', 'email': 'yoda@jedi.com', 'ordem': 'Jedi', 'tpjedi': 'Cavaleiro Jedi', 'bdate': 'fevereiro-1970-20', 'instagram': '@yoda'}</msg>
<status status="PASS" starttime="20220704 09:50:08.760" endtime="20220704 09:50:08.761"/>
</kw>
<kw name="Go To User Form" library="actions">
<kw name="Click" library="Browser">
<arg>text=Novo</arg>
<tag>PageContent</tag>
<tag>Setter</tag>
<doc>Simulates mouse click on the element found by ``selector``.</doc>
<status status="PASS" starttime="20220704 09:50:08.762" endtime="20220704 09:50:08.848"/>
</kw>
<kw name="Wait For Elements State" library="Browser">
<arg>css=.card-header-title &gt;&gt; text=Cadastrar novo usuário</arg>
<arg>visible</arg>
<arg>5</arg>
<tag>PageContent</tag>
<tag>Wait</tag>
<doc>Waits for the element found by ``selector`` to satisfy state option.</doc>
<msg timestamp="20220704 09:50:08.988" level="INFO">Waited for Element with selector css=.card-header-title &gt;&gt; text=Cadastrar novo usuário at state visible</msg>
<status status="PASS" starttime="20220704 09:50:08.848" endtime="20220704 09:50:08.988"/>
</kw>
<status status="PASS" starttime="20220704 09:50:08.762" endtime="20220704 09:50:08.989"/>
</kw>
<kw name="Fill User Form" library="actions">
<arg>${user}</arg>
<kw name="Fill Text" library="Browser">
<arg>css=input[name="nome"]</arg>
<arg>${user}[name]</arg>
<tag>PageContent</tag>
<tag>Setter</tag>
<doc>Clears and fills the given ``txt`` into the text field found by ``selector``.</doc>
<msg timestamp="20220704 09:50:08.989" level="INFO">Fills the text 'Mestre Yoda' in the given field.</msg>
<status status="PASS" starttime="20220704 09:50:08.989" endtime="20220704 09:50:09.011"/>
</kw>
<kw name="Fill Text" library="Browser">
<arg>css=input[name="email"]</arg>
<arg>${user}[email]</arg>
<tag>PageContent</tag>
<tag>Setter</tag>
<doc>Clears and fills the given ``txt`` into the text field found by ``selector``.</doc>
<msg timestamp="20220704 09:50:09.011" level="INFO">Fills the text 'yoda@jedi.com' in the given field.</msg>
<status status="PASS" starttime="20220704 09:50:09.011" endtime="20220704 09:50:09.032"/>
</kw>
<kw name="Select Options By" library="Browser">
<arg>css=.ordem select</arg>
<arg>text</arg>
<arg>${user}[ordem]</arg>
<tag>PageContent</tag>
<tag>Setter</tag>
<doc>Selects options from select element found by ``selector``.</doc>
<status status="PASS" starttime="20220704 09:50:09.032" endtime="20220704 09:50:09.061"/>
</kw>
<kw name="Select Birth Date" library="actions">
<arg>${user}[bdate]</arg>
<kw name="Split String" library="String">
<var>@{date}</var>
<arg>${text_date}</arg>
<arg>-</arg>
<doc>Splits the ``string`` using ``separator`` as a delimiter string.</doc>
<msg timestamp="20220704 09:50:09.062" level="INFO">@{date} = [ fevereiro | 1970 | 20 ]</msg>
<status status="PASS" starttime="20220704 09:50:09.062" endtime="20220704 09:50:09.062"/>
</kw>
<kw name="Click" library="Browser">
<arg>css=input[name="Data de nascimento"]</arg>
<tag>PageContent</tag>
<tag>Setter</tag>
<doc>Simulates mouse click on the element found by ``selector``.</doc>
<status status="PASS" starttime="20220704 09:50:09.062" endtime="20220704 09:50:09.197"/>
</kw>
<kw name="Select Options By" library="Browser">
<arg>xpath=(//header[@class="datepicker-header"]//select)[1]</arg>
<arg>text</arg>
<arg>${date}[0]</arg>
<tag>PageContent</tag>
<tag>Setter</tag>
<doc>Selects options from select element found by ``selector``.</doc>
<status status="PASS" starttime="20220704 09:50:09.198" endtime="20220704 09:50:09.228"/>
</kw>
<kw name="Select Options By" library="Browser">
<arg>xpath=(//header[@class="datepicker-header"]//select)[2]</arg>
<arg>value</arg>
<arg>${date}[1]</arg>
<tag>PageContent</tag>
<tag>Setter</tag>
<doc>Selects options from select element found by ``selector``.</doc>
<status status="PASS" starttime="20220704 09:50:09.228" endtime="20220704 09:50:09.258"/>
</kw>
<kw name="Click" library="Browser">
<arg>xpath=//a[contains(@class, "datepicker-cell")]//span[text()="${date}[2]"]</arg>
<tag>PageContent</tag>
<tag>Setter</tag>
<doc>Simulates mouse click on the element found by ``selector``.</doc>
<status status="PASS" starttime="20220704 09:50:09.258" endtime="20220704 09:50:09.302"/>
</kw>
<status status="PASS" starttime="20220704 09:50:09.061" endtime="20220704 09:50:09.302"/>
</kw>
<kw name="Fill Text" library="Browser">
<arg>id=insta</arg>
<arg>${user}[instagram]</arg>
<tag>PageContent</tag>
<tag>Setter</tag>
<doc>Clears and fills the given ``txt`` into the text field found by ``selector``.</doc>
<msg timestamp="20220704 09:50:09.303" level="INFO">Fills the text '@yoda' in the given field.</msg>
<status status="PASS" starttime="20220704 09:50:09.303" endtime="20220704 09:50:09.321"/>
</kw>
<status status="PASS" starttime="20220704 09:50:08.989" endtime="20220704 09:50:09.322"/>
</kw>
<kw name="Select Jedi" library="actions">
<arg>${user}[tpjedi]</arg>
<kw name="Click" library="Browser">
<arg>xpath=//input[@value="${tpjedi}"]/..//span[@class="check"]</arg>
<tag>PageContent</tag>
<tag>Setter</tag>
<doc>Simulates mouse click on the element found by ``selector``.</doc>
<status status="PASS" starttime="20220704 09:50:09.323" endtime="20220704 09:50:09.361"/>
</kw>
<status status="PASS" starttime="20220704 09:50:09.322" endtime="20220704 09:50:09.361"/>
</kw>
<kw name="Check Accept Communications" library="actions">
<kw name="Click" library="Browser">
<arg>xpath=//input[@name="comunications"]/../span[@class="check"]</arg>
<tag>PageContent</tag>
<tag>Setter</tag>
<doc>Simulates mouse click on the element found by ``selector``.</doc>
<status status="PASS" starttime="20220704 09:50:09.362" endtime="20220704 09:50:09.482"/>
</kw>
<status status="PASS" starttime="20220704 09:50:09.361" endtime="20220704 09:50:09.482"/>
</kw>
<kw name="Submit User Form" library="actions">
<kw name="Click" library="Browser">
<arg>css=button &gt;&gt; text=Cadastrar</arg>
<tag>PageContent</tag>
<tag>Setter</tag>
<doc>Simulates mouse click on the element found by ``selector``.</doc>
<status status="PASS" starttime="20220704 09:50:09.483" endtime="20220704 09:50:09.530"/>
</kw>
<status status="PASS" starttime="20220704 09:50:09.482" endtime="20220704 09:50:09.530"/>
</kw>
<kw name="Toaster Message Should Be" library="actions">
<arg>Usuário cadastrado com sucesso!</arg>
<kw name="Wait For Elements State" library="Browser">
<arg>css=.toast div &gt;&gt; text=${expected_message}</arg>
<arg>visible</arg>
<arg>5</arg>
<tag>PageContent</tag>
<tag>Wait</tag>
<doc>Waits for the element found by ``selector`` to satisfy state option.</doc>
<msg timestamp="20220704 09:50:09.540" level="INFO">Waited for Element with selector css=.toast div &gt;&gt; text=Usuário cadastrado com sucesso! at state visible</msg>
<status status="PASS" starttime="20220704 09:50:09.531" endtime="20220704 09:50:09.540"/>
</kw>
<status status="PASS" starttime="20220704 09:50:09.531" endtime="20220704 09:50:09.540"/>
</kw>
<kw name="End Session" library="base" type="TEARDOWN">
<kw name="Take Screenshot" library="Browser">
<tag>PageContent</tag>
<doc>Takes a screenshot of the current window or element and saves it to disk.</doc>
<msg timestamp="20220704 09:50:09.675" level="INFO" html="true">&lt;/td&gt;&lt;/tr&gt;&lt;tr&gt;&lt;td colspan="3"&gt;&lt;a href="browser/screenshot/robotframework-browser-screenshot-1.png"&gt;&lt;img src="browser/screenshot/robotframework-browser-screenshot-1.png" width="800px"&gt;&lt;/a&gt;</msg>
<status status="PASS" starttime="20220704 09:50:09.541" endtime="20220704 09:50:09.675"/>
</kw>
<status status="PASS" starttime="20220704 09:50:09.540" endtime="20220704 09:50:09.675"/>
</kw>
<tag>happy</tag>
<status status="PASS" starttime="20220704 09:50:07.618" endtime="20220704 09:50:09.675"/>
</test>
<test id="s1-s1-t2" name="Email Incorreto" line="25">
<kw name="Start Session" library="base" type="SETUP">
<kw name="New Browser" library="Browser">
<arg>chromium</arg>
<arg>headless=False</arg>
<arg>slowMo=00:00:00</arg>
<tag>BrowserControl</tag>
<tag>Setter</tag>
<doc>Create a new playwright Browser with specified options.</doc>
<msg timestamp="20220704 09:50:09.731" level="INFO">{"browser": "chromium", "headless": false, "handleSIGINT": true, "handleSIGTERM": true, "handleSIGHUP": true, "timeout": 30000.0, "devtools": false, "slowMo": 0.0, "tracesDir": "C:\\users\\user\\documents\\dev\\GravidadeZERO\\yodapp\\logs\\browser\\traces\\1c393419-b1c3-406d-994e-3074228f94e3"}</msg>
<msg timestamp="20220704 09:50:10.084" level="INFO">Successfully created browser with options: {"browser":"chromium","headless":false,"handleSIGINT":true,"handleSIGTERM":true,"handleSIGHUP":true,"timeout":30000,"devtools":false,"slowMo":0,"tracesDir":"C:\\users\\user\\documents\\dev\\GravidadeZERO\\yodapp\\logs\\browser\\traces\\1c393419-b1c3-406d-994e-3074228f94e3"}</msg>
<status status="PASS" starttime="20220704 09:50:09.730" endtime="20220704 09:50:10.085"/>
</kw>
<kw name="New Page" library="Browser">
<arg>http://yodapp-testing.vercel.app</arg>
<tag>BrowserControl</tag>
<tag>Setter</tag>
<doc>Open a new Page.</doc>
<msg timestamp="20220704 09:50:10.900" level="INFO">Successfully initialized new page object and opened url: http://yodapp-testing.vercel.app</msg>
<msg timestamp="20220704 09:50:10.901" level="INFO">No context was open. New context was automatically opened when this page is created.</msg>
<status status="PASS" starttime="20220704 09:50:10.085" endtime="20220704 09:50:10.901"/>
</kw>
<status status="PASS" starttime="20220704 09:50:09.729" endtime="20220704 09:50:10.901"/>
</kw>
<kw name="Factory Darth Vader" library="users">
<var>${user}</var>
<msg timestamp="20220704 09:50:10.902" level="INFO">${user} = {'name': 'Darth Vader', 'email': 'vader&amp;hotmail.com', 'ordem': 'Sith', 'bdate': 'dezembro-1980-15', 'instagram': '@vader'}</msg>
<status status="PASS" starttime="20220704 09:50:10.901" endtime="20220704 09:50:10.902"/>
</kw>
<kw name="Go To User Form" library="actions">
<kw name="Click" library="Browser">
<arg>text=Novo</arg>
<tag>PageContent</tag>
<tag>Setter</tag>
<doc>Simulates mouse click on the element found by ``selector``.</doc>
<status status="PASS" starttime="20220704 09:50:10.902" endtime="20220704 09:50:10.995"/>
</kw>
<kw name="Wait For Elements State" library="Browser">
<arg>css=.card-header-title &gt;&gt; text=Cadastrar novo usuário</arg>
<arg>visible</arg>
<arg>5</arg>
<tag>PageContent</tag>
<tag>Wait</tag>
<doc>Waits for the element found by ``selector`` to satisfy state option.</doc>
<msg timestamp="20220704 09:50:11.132" level="INFO">Waited for Element with selector css=.card-header-title &gt;&gt; text=Cadastrar novo usuário at state visible</msg>
<status status="PASS" starttime="20220704 09:50:10.995" endtime="20220704 09:50:11.132"/>
</kw>
<status status="PASS" starttime="20220704 09:50:10.902" endtime="20220704 09:50:11.133"/>
</kw>
<kw name="Fill User Form" library="actions">
<arg>${user}</arg>
<kw name="Fill Text" library="Browser">
<arg>css=input[name="nome"]</arg>
<arg>${user}[name]</arg>
<tag>PageContent</tag>
<tag>Setter</tag>
<doc>Clears and fills the given ``txt`` into the text field found by ``selector``.</doc>
<msg timestamp="20220704 09:50:11.134" level="INFO">Fills the text 'Darth Vader' in the given field.</msg>
<status status="PASS" starttime="20220704 09:50:11.133" endtime="20220704 09:50:11.153"/>
</kw>
<kw name="Fill Text" library="Browser">
<arg>css=input[name="email"]</arg>
<arg>${user}[email]</arg>
<tag>PageContent</tag>
<tag>Setter</tag>
<doc>Clears and fills the given ``txt`` into the text field found by ``selector``.</doc>
<msg timestamp="20220704 09:50:11.154" level="INFO">Fills the text 'vader&amp;hotmail.com' in the given field.</msg>
<status status="PASS" starttime="20220704 09:50:11.153" endtime="20220704 09:50:11.171"/>
</kw>
<kw name="Select Options By" library="Browser">
<arg>css=.ordem select</arg>
<arg>text</arg>
<arg>${user}[ordem]</arg>
<tag>PageContent</tag>
<tag>Setter</tag>
<doc>Selects options from select element found by ``selector``.</doc>
<status status="PASS" starttime="20220704 09:50:11.171" endtime="20220704 09:50:11.195"/>
</kw>
<kw name="Select Birth Date" library="actions">
<arg>${user}[bdate]</arg>
<kw name="Split String" library="String">
<var>@{date}</var>
<arg>${text_date}</arg>
<arg>-</arg>
<doc>Splits the ``string`` using ``separator`` as a delimiter string.</doc>
<msg timestamp="20220704 09:50:11.195" level="INFO">@{date} = [ dezembro | 1980 | 15 ]</msg>
<status status="PASS" starttime="20220704 09:50:11.195" endtime="20220704 09:50:11.195"/>
</kw>
<kw name="Click" library="Browser">
<arg>css=input[name="Data de nascimento"]</arg>
<tag>PageContent</tag>
<tag>Setter</tag>
<doc>Simulates mouse click on the element found by ``selector``.</doc>
<status status="PASS" starttime="20220704 09:50:11.196" endtime="20220704 09:50:11.365"/>
</kw>
<kw name="Select Options By" library="Browser">
<arg>xpath=(//header[@class="datepicker-header"]//select)[1]</arg>
<arg>text</arg>
<arg>${date}[0]</arg>
<tag>PageContent</tag>
<tag>Setter</tag>
<doc>Selects options from select element found by ``selector``.</doc>
<status status="PASS" starttime="20220704 09:50:11.365" endtime="20220704 09:50:11.395"/>
</kw>
<kw name="Select Options By" library="Browser">
<arg>xpath=(//header[@class="datepicker-header"]//select)[2]</arg>
<arg>value</arg>
<arg>${date}[1]</arg>
<tag>PageContent</tag>
<tag>Setter</tag>
<doc>Selects options from select element found by ``selector``.</doc>
<status status="PASS" starttime="20220704 09:50:11.395" endtime="20220704 09:50:11.426"/>
</kw>
<kw name="Click" library="Browser">
<arg>xpath=//a[contains(@class, "datepicker-cell")]//span[text()="${date}[2]"]</arg>
<tag>PageContent</tag>
<tag>Setter</tag>
<doc>Simulates mouse click on the element found by ``selector``.</doc>
<status status="PASS" starttime="20220704 09:50:11.426" endtime="20220704 09:50:11.474"/>
</kw>
<status status="PASS" starttime="20220704 09:50:11.195" endtime="20220704 09:50:11.475"/>
</kw>
<kw name="Fill Text" library="Browser">
<arg>id=insta</arg>
<arg>${user}[instagram]</arg>
<tag>PageContent</tag>
<tag>Setter</tag>
<doc>Clears and fills the given ``txt`` into the text field found by ``selector``.</doc>
<msg timestamp="20220704 09:50:11.475" level="INFO">Fills the text '@vader' in the given field.</msg>
<status status="PASS" starttime="20220704 09:50:11.475" endtime="20220704 09:50:11.493"/>
</kw>
<status status="PASS" starttime="20220704 09:50:11.133" endtime="20220704 09:50:11.493"/>
</kw>
<kw name="Check Accept Communications" library="actions">
<kw name="Click" library="Browser">
<arg>xpath=//input[@name="comunications"]/../span[@class="check"]</arg>
<tag>PageContent</tag>
<tag>Setter</tag>
<doc>Simulates mouse click on the element found by ``selector``.</doc>
<status status="PASS" starttime="20220704 09:50:11.493" endtime="20220704 09:50:11.735"/>
</kw>
<status status="PASS" starttime="20220704 09:50:11.493" endtime="20220704 09:50:11.735"/>
</kw>
<kw name="Submit User Form" library="actions">
<kw name="Click" library="Browser">
<arg>css=button &gt;&gt; text=Cadastrar</arg>
<tag>PageContent</tag>
<tag>Setter</tag>
<doc>Simulates mouse click on the element found by ``selector``.</doc>
<status status="PASS" starttime="20220704 09:50:11.736" endtime="20220704 09:50:11.780"/>
</kw>
<status status="PASS" starttime="20220704 09:50:11.736" endtime="20220704 09:50:11.780"/>
</kw>
<kw name="Toaster Message Should Be" library="actions">
<arg>Oops! o email é incorreto.</arg>
<kw name="Wait For Elements State" library="Browser">
<arg>css=.toast div &gt;&gt; text=${expected_message}</arg>
<arg>visible</arg>
<arg>5</arg>
<tag>PageContent</tag>
<tag>Wait</tag>
<doc>Waits for the element found by ``selector`` to satisfy state option.</doc>
<msg timestamp="20220704 09:50:11.791" level="INFO">Waited for Element with selector css=.toast div &gt;&gt; text=Oops! o email é incorreto. at state visible</msg>
<status status="PASS" starttime="20220704 09:50:11.780" endtime="20220704 09:50:11.791"/>
</kw>
<status status="PASS" starttime="20220704 09:50:11.780" endtime="20220704 09:50:11.791"/>
</kw>
<kw name="End Session" library="base" type="TEARDOWN">
<kw name="Take Screenshot" library="Browser">
<tag>PageContent</tag>
<doc>Takes a screenshot of the current window or element and saves it to disk.</doc>
<msg timestamp="20220704 09:50:11.914" level="INFO" html="true">&lt;/td&gt;&lt;/tr&gt;&lt;tr&gt;&lt;td colspan="3"&gt;&lt;a href="browser/screenshot/robotframework-browser-screenshot-2.png"&gt;&lt;img src="browser/screenshot/robotframework-browser-screenshot-2.png" width="800px"&gt;&lt;/a&gt;</msg>
<status status="PASS" starttime="20220704 09:50:11.792" endtime="20220704 09:50:11.914"/>
</kw>
<status status="PASS" starttime="20220704 09:50:11.792" endtime="20220704 09:50:11.914"/>
</kw>
<tag>inv_email</tag>
<status status="PASS" starttime="20220704 09:50:09.726" endtime="20220704 09:50:11.914"/>
</test>
<doc>Suite de testes do cadastro de personagens</doc>
<status status="PASS" starttime="20220704 09:50:06.912" endtime="20220704 09:50:11.956"/>
</suite>
<suite id="s1-s2" name="Online" source="C:\users\user\documents\dev\GravidadeZERO\yodapp\tests\online.robot">
<test id="s1-s2-t1" name="Yodapp deve estar online" line="10">
<kw name="Start Session" library="base" type="SETUP">
<kw name="New Browser" library="Browser">
<arg>chromium</arg>
<arg>headless=False</arg>
<arg>slowMo=00:00:00</arg>
<tag>BrowserControl</tag>
<tag>Setter</tag>
<doc>Create a new playwright Browser with specified options.</doc>
<msg timestamp="20220704 09:50:11.978" level="INFO">{"browser": "chromium", "headless": false, "handleSIGINT": true, "handleSIGTERM": true, "handleSIGHUP": true, "timeout": 30000.0, "devtools": false, "slowMo": 0.0, "tracesDir": "C:\\users\\user\\documents\\dev\\GravidadeZERO\\yodapp\\logs\\browser\\traces\\ad36deeb-b24b-4d85-8f85-469682053b21"}</msg>
<msg timestamp="20220704 09:50:12.299" level="INFO">Successfully created browser with options: {"browser":"chromium","headless":false,"handleSIGINT":true,"handleSIGTERM":true,"handleSIGHUP":true,"timeout":30000,"devtools":false,"slowMo":0,"tracesDir":"C:\\users\\user\\documents\\dev\\GravidadeZERO\\yodapp\\logs\\browser\\traces\\ad36deeb-b24b-4d85-8f85-469682053b21"}</msg>
<status status="PASS" starttime="20220704 09:50:11.977" endtime="20220704 09:50:12.299"/>
</kw>
<kw name="New Page" library="Browser">
<arg>http://yodapp-testing.vercel.app</arg>
<tag>BrowserControl</tag>
<tag>Setter</tag>
<doc>Open a new Page.</doc>
<msg timestamp="20220704 09:50:13.166" level="INFO">Successfully initialized new page object and opened url: http://yodapp-testing.vercel.app</msg>
<msg timestamp="20220704 09:50:13.166" level="INFO">No context was open. New context was automatically opened when this page is created.</msg>
<status status="PASS" starttime="20220704 09:50:12.300" endtime="20220704 09:50:13.167"/>
</kw>
<status status="PASS" starttime="20220704 09:50:11.976" endtime="20220704 09:50:13.167"/>
</kw>
<kw name="Get Title" library="Browser">
<arg>equal</arg>
<arg>Yodapp | QAninja</arg>
<tag>Assertion</tag>
<tag>Getter</tag>
<tag>PageContent</tag>
<doc>Returns the title of the current page.</doc>
<status status="PASS" starttime="20220704 09:50:13.167" endtime="20220704 09:50:13.171"/>
</kw>
<kw name="End Session" library="base" type="TEARDOWN">
<kw name="Take Screenshot" library="Browser">
<tag>PageContent</tag>
<doc>Takes a screenshot of the current window or element and saves it to disk.</doc>
<msg timestamp="20220704 09:50:13.398" level="INFO" html="true">&lt;/td&gt;&lt;/tr&gt;&lt;tr&gt;&lt;td colspan="3"&gt;&lt;a href="browser/screenshot/robotframework-browser-screenshot-3.png"&gt;&lt;img src="browser/screenshot/robotframework-browser-screenshot-3.png" width="800px"&gt;&lt;/a&gt;</msg>
<status status="PASS" starttime="20220704 09:50:13.172" endtime="20220704 09:50:13.398"/>
</kw>
<status status="PASS" starttime="20220704 09:50:13.172" endtime="20220704 09:50:13.399"/>
</kw>
<status status="PASS" starttime="20220704 09:50:11.972" endtime="20220704 09:50:13.399"/>
</test>
<test id="s1-s2-t2" name="Deve exibir mensagem de boas vindas" line="13">
<kw name="Start Session" library="base" type="SETUP">
<kw name="New Browser" library="Browser">
<arg>chromium</arg>
<arg>headless=False</arg>
<arg>slowMo=00:00:00</arg>
<tag>BrowserControl</tag>
<tag>Setter</tag>
<doc>Create a new playwright Browser with specified options.</doc>
<msg timestamp="20220704 09:50:13.440" level="INFO">{"browser": "chromium", "headless": false, "handleSIGINT": true, "handleSIGTERM": true, "handleSIGHUP": true, "timeout": 30000.0, "devtools": false, "slowMo": 0.0, "tracesDir": "C:\\users\\user\\documents\\dev\\GravidadeZERO\\yodapp\\logs\\browser\\traces\\b54782c1-c0ab-4ac6-aee5-2259f4fcc176"}</msg>
<msg timestamp="20220704 09:50:13.755" level="INFO">Successfully created browser with options: {"browser":"chromium","headless":false,"handleSIGINT":true,"handleSIGTERM":true,"handleSIGHUP":true,"timeout":30000,"devtools":false,"slowMo":0,"tracesDir":"C:\\users\\user\\documents\\dev\\GravidadeZERO\\yodapp\\logs\\browser\\traces\\b54782c1-c0ab-4ac6-aee5-2259f4fcc176"}</msg>
<status status="PASS" starttime="20220704 09:50:13.440" endtime="20220704 09:50:13.756"/>
</kw>
<kw name="New Page" library="Browser">
<arg>http://yodapp-testing.vercel.app</arg>
<tag>BrowserControl</tag>
<tag>Setter</tag>
<doc>Open a new Page.</doc>
<msg timestamp="20220704 09:50:14.611" level="INFO">Successfully initialized new page object and opened url: http://yodapp-testing.vercel.app</msg>
<msg timestamp="20220704 09:50:14.611" level="INFO">No context was open. New context was automatically opened when this page is created.</msg>
<status status="PASS" starttime="20220704 09:50:13.756" endtime="20220704 09:50:14.611"/>
</kw>
<status status="PASS" starttime="20220704 09:50:13.439" endtime="20220704 09:50:14.611"/>
</kw>
<kw name="Wait For Elements State" library="Browser">
<arg>css=.navbar-item &gt;&gt; text=Que a Força (qualidade) esteja com você!</arg>
<arg>visible</arg>
<arg>5</arg>
<tag>PageContent</tag>
<tag>Wait</tag>
<doc>Waits for the element found by ``selector`` to satisfy state option.</doc>
<msg timestamp="20220704 09:50:14.631" level="INFO">Waited for Element with selector css=.navbar-item &gt;&gt; text=Que a Força (qualidade) esteja com você! at state visible</msg>
<status status="PASS" starttime="20220704 09:50:14.612" endtime="20220704 09:50:14.631"/>
</kw>
<kw name="End Session" library="base" type="TEARDOWN">
<kw name="Take Screenshot" library="Browser">
<tag>PageContent</tag>
<doc>Takes a screenshot of the current window or element and saves it to disk.</doc>
<msg timestamp="20220704 09:50:14.846" level="INFO" html="true">&lt;/td&gt;&lt;/tr&gt;&lt;tr&gt;&lt;td colspan="3"&gt;&lt;a href="browser/screenshot/robotframework-browser-screenshot-4.png"&gt;&lt;img src="browser/screenshot/robotframework-browser-screenshot-4.png" width="800px"&gt;&lt;/a&gt;</msg>
<status status="PASS" starttime="20220704 09:50:14.632" endtime="20220704 09:50:14.846"/>
</kw>
<status status="PASS" starttime="20220704 09:50:14.631" endtime="20220704 09:50:14.847"/>
</kw>
<status status="PASS" starttime="20220704 09:50:13.436" endtime="20220704 09:50:14.847"/>
</test>
<doc>Suite de testes para verificar se o app está online</doc>
<status status="PASS" starttime="20220704 09:50:11.961" endtime="20220704 09:50:14.886"/>
</suite>
<status status="PASS" starttime="20220704 09:50:06.893" endtime="20220704 09:50:14.890"/>
</suite>
<statistics>
<total>
<stat pass="4" fail="0" skip="0">All Tests</stat>
</total>
<tag>
<stat pass="1" fail="0" skip="0">happy</stat>
<stat pass="1" fail="0" skip="0">inv_email</stat>
</tag>
<suite>
<stat pass="4" fail="0" skip="0" id="s1" name="Tests">Tests</stat>
<stat pass="2" fail="0" skip="0" id="s1-s1" name="Cadastro">Tests.Cadastro</stat>
<stat pass="2" fail="0" skip="0" id="s1-s2" name="Online">Tests.Online</stat>
</suite>
</statistics>
<errors>
</errors>
</robot>
