<?xml version="1.0" encoding="UTF-8"?>
<robot generator="Robot 5.0.1 (Python 3.10.5 on win32)" generated="20220630 06:32:16.947" rpa="false" schemaversion="3">
<suite id="s1" name="Cadastro" source="C:\users\user\documents\dev\GravidadeZERO\yodapp\cadastro.robot">
<test id="s1-t1" name="Deve cadastrar um novo personagem" line="10">
<kw name="Start Session" library="base" type="SETUP">
<kw name="New Browser" library="Browser">
<arg>chromium</arg>
<arg>headless=False</arg>
<arg>slowMo=00:00:01</arg>
<tag>BrowserControl</tag>
<tag>Setter</tag>
<doc>Create a new playwright Browser with specified options.</doc>
<msg timestamp="20220630 06:32:17.661" level="INFO">{"browser": "chromium", "headless": false, "handleSIGINT": true, "handleSIGTERM": true, "handleSIGHUP": true, "timeout": 30000.0, "devtools": false, "slowMo": 1000.0, "tracesDir": "C:\\users\\user\\documents\\dev\\GravidadeZERO\\yodapp\\logs\\browser\\traces\\bdc9154d-e2d9-42df-a512-c1b65420cc15"}</msg>
<msg timestamp="20220630 06:32:17.961" level="INFO">Successfully created browser with options: {"browser":"chromium","headless":false,"handleSIGINT":true,"handleSIGTERM":true,"handleSIGHUP":true,"timeout":30000,"devtools":false,"slowMo":1000,"tracesDir":"C:\\users\\user\\documents\\dev\\GravidadeZERO\\yodapp\\logs\\browser\\traces\\bdc9154d-e2d9-42df-a512-c1b65420cc15"}</msg>
<status status="PASS" starttime="20220630 06:32:17.661" endtime="20220630 06:32:17.961"/>
</kw>
<kw name="New Page" library="Browser">
<arg>http://yodapp.vercel.app</arg>
<tag>BrowserControl</tag>
<tag>Setter</tag>
<doc>Open a new Page.</doc>
<msg timestamp="20220630 06:32:19.870" level="INFO">Successfully initialized new page object and opened url: http://yodapp.vercel.app</msg>
<msg timestamp="20220630 06:32:19.870" level="INFO">No context was open. New context was automatically opened when this page is created.</msg>
<status status="PASS" starttime="20220630 06:32:17.962" endtime="20220630 06:32:19.870"/>
</kw>
<status status="PASS" starttime="20220630 06:32:17.660" endtime="20220630 06:32:19.870"/>
</kw>
<kw name="Click" library="Browser">
<arg>text=Novo</arg>
<tag>PageContent</tag>
<tag>Setter</tag>
<doc>Simulates mouse click on the element found by ``selector``.</doc>
<status status="PASS" starttime="20220630 06:32:19.871" endtime="20220630 06:32:20.923"/>
</kw>
<kw name="Wait For Elements State" library="Browser">
<arg>css=.card-header-title &gt;&gt; text=Cadastrar novo usuário</arg>
<arg>visible</arg>
<arg>5</arg>
<tag>PageContent</tag>
<tag>Wait</tag>
<doc>Waits for the element found by ``selector`` to satisfy state option.</doc>
<msg timestamp="20220630 06:32:20.938" level="INFO">Waited for Element with selector css=.card-header-title &gt;&gt; text=Cadastrar novo usuário at state visible</msg>
<status status="PASS" starttime="20220630 06:32:20.923" endtime="20220630 06:32:20.938"/>
</kw>
<kw name="Fill Text" library="Browser">
<arg>css=input[placeholder^="Nome"]</arg>
<arg>Mestre Yoda</arg>
<tag>PageContent</tag>
<tag>Setter</tag>
<doc>Clears and fills the given ``txt`` into the text field found by ``selector``.</doc>
<msg timestamp="20220630 06:32:20.939" level="INFO">Fills the text 'Mestre Yoda' in the given field.</msg>
<status status="PASS" starttime="20220630 06:32:20.939" endtime="20220630 06:32:21.972"/>
</kw>
<kw name="Fill Text" library="Browser">
<arg>css=input[placeholder="Email"]</arg>
<arg>yoda@jedi.com</arg>
<tag>PageContent</tag>
<tag>Setter</tag>
<doc>Clears and fills the given ``txt`` into the text field found by ``selector``.</doc>
<msg timestamp="20220630 06:32:21.972" level="INFO">Fills the text 'yoda@jedi.com' in the given field.</msg>
<status status="PASS" starttime="20220630 06:32:21.972" endtime="20220630 06:32:23.000"/>
</kw>
<kw name="Select Options By" library="Browser">
<arg>css=.ordem select</arg>
<arg>value</arg>
<arg>1</arg>
<tag>PageContent</tag>
<tag>Setter</tag>
<doc>Selects options from select element found by ``selector``.</doc>
<status status="PASS" starttime="20220630 06:32:23.001" endtime="20220630 06:32:25.036"/>
</kw>
<kw name="Click" library="Browser">
<arg>xpath=//input[@value="Cavaleiro Jedi"]/..//span[@class="check"]</arg>
<tag>PageContent</tag>
<tag>Setter</tag>
<doc>Simulates mouse click on the element found by ``selector``.</doc>
<status status="PASS" starttime="20220630 06:32:25.036" endtime="20220630 06:32:26.069"/>
</kw>
<kw name="Select Birth Date">
<arg>fevereiro-1970-20</arg>
<kw name="Split String" library="String">
<var>@{date}</var>
<arg>${text_date}</arg>
<arg>-</arg>
<doc>Splits the ``string`` using ``separator`` as a delimiter string.</doc>
<msg timestamp="20220630 06:32:26.071" level="INFO">@{date} = [ fevereiro | 1970 | 20 ]</msg>
<status status="PASS" starttime="20220630 06:32:26.070" endtime="20220630 06:32:26.071"/>
</kw>
<kw name="Click" library="Browser">
<arg>css=input[placeholder="Data de nascimento"]</arg>
<tag>PageContent</tag>
<tag>Setter</tag>
<doc>Simulates mouse click on the element found by ``selector``.</doc>
<status status="PASS" starttime="20220630 06:32:26.071" endtime="20220630 06:32:27.115"/>
</kw>
<kw name="Select Options By" library="Browser">
<arg>xpath=(//header[@class="datepicker-header"]//select)[1]</arg>
<arg>text</arg>
<arg>${date}[0]</arg>
<tag>PageContent</tag>
<tag>Setter</tag>
<doc>Selects options from select element found by ``selector``.</doc>
<status status="PASS" starttime="20220630 06:32:27.115" endtime="20220630 06:32:29.163"/>
</kw>
<kw name="Select Options By" library="Browser">
<arg>xpath=(//header[@class="datepicker-header"]//select)[2]</arg>
<arg>value</arg>
<arg>${date}[1]</arg>
<tag>PageContent</tag>
<tag>Setter</tag>
<doc>Selects options from select element found by ``selector``.</doc>
<status status="PASS" starttime="20220630 06:32:29.163" endtime="20220630 06:32:31.205"/>
</kw>
<kw name="Click" library="Browser">
<arg>xpath=//a[contains(@class, "datepicker-cell")]//span[text()="${date}[2]"]</arg>
<tag>PageContent</tag>
<tag>Setter</tag>
<doc>Simulates mouse click on the element found by ``selector``.</doc>
<status status="PASS" starttime="20220630 06:32:31.205" endtime="20220630 06:32:32.251"/>
</kw>
<status status="PASS" starttime="20220630 06:32:26.070" endtime="20220630 06:32:32.251"/>
</kw>
<kw name="Fill Text" library="Browser">
<arg>id=insta</arg>
<arg>@yoda</arg>
<tag>PageContent</tag>
<tag>Setter</tag>
<doc>Clears and fills the given ``txt`` into the text field found by ``selector``.</doc>
<msg timestamp="20220630 06:32:32.251" level="INFO">Fills the text '@yoda' in the given field.</msg>
<status status="PASS" starttime="20220630 06:32:32.251" endtime="20220630 06:32:33.276"/>
</kw>
<kw name="Click" library="Browser">
<arg>xpath=//input[@name="comunications"]/../span[@class="check"]</arg>
<tag>PageContent</tag>
<tag>Setter</tag>
<doc>Simulates mouse click on the element found by ``selector``.</doc>
<status status="PASS" starttime="20220630 06:32:33.276" endtime="20220630 06:32:34.320"/>
</kw>
<kw name="Click" library="Browser">
<arg>css=button &gt;&gt; text=Cadastrar</arg>
<tag>PageContent</tag>
<tag>Setter</tag>
<doc>Simulates mouse click on the element found by ``selector``.</doc>
<status status="PASS" starttime="20220630 06:32:34.321" endtime="20220630 06:32:35.365"/>
</kw>
<kw name="Wait For Elements State" library="Browser">
<arg>css=.toast div &gt;&gt; text=Usuário Cadastrado com sucesso!</arg>
<arg>visible</arg>
<arg>5</arg>
<tag>PageContent</tag>
<tag>Wait</tag>
<doc>Waits for the element found by ``selector`` to satisfy state option.</doc>
<msg timestamp="20220630 06:32:35.372" level="INFO">Waited for Element with selector css=.toast div &gt;&gt; text=Usuário Cadastrado com sucesso! at state visible</msg>
<status status="PASS" starttime="20220630 06:32:35.365" endtime="20220630 06:32:35.372"/>
</kw>
<kw name="End Session" library="base" type="TEARDOWN">
<kw name="Take Screenshot" library="Browser">
<tag>PageContent</tag>
<doc>Takes a screenshot of the current window or element and saves it to disk.</doc>
<msg timestamp="20220630 06:32:35.461" level="INFO" html="true">&lt;/td&gt;&lt;/tr&gt;&lt;tr&gt;&lt;td colspan="3"&gt;&lt;a href="browser/screenshot/robotframework-browser-screenshot-1.png"&gt;&lt;img src="browser/screenshot/robotframework-browser-screenshot-1.png" width="800px"&gt;&lt;/a&gt;</msg>
<status status="PASS" starttime="20220630 06:32:35.373" endtime="20220630 06:32:35.462"/>
</kw>
<status status="PASS" starttime="20220630 06:32:35.372" endtime="20220630 06:32:35.462"/>
</kw>
<tag>happy</tag>
<status status="PASS" starttime="20220630 06:32:17.658" endtime="20220630 06:32:35.462"/>
</test>
<test id="s1-t2" name="Email Incorreto" line="40">
<kw name="Start Session" library="base" type="SETUP">
<kw name="New Browser" library="Browser">
<arg>chromium</arg>
<arg>headless=False</arg>
<arg>slowMo=00:00:01</arg>
<tag>BrowserControl</tag>
<tag>Setter</tag>
<doc>Create a new playwright Browser with specified options.</doc>
<msg timestamp="20220630 06:32:35.521" level="INFO">{"browser": "chromium", "headless": false, "handleSIGINT": true, "handleSIGTERM": true, "handleSIGHUP": true, "timeout": 30000.0, "devtools": false, "slowMo": 1000.0, "tracesDir": "C:\\users\\user\\documents\\dev\\GravidadeZERO\\yodapp\\logs\\browser\\traces\\bf3852b4-dd0f-4586-9779-672907102daf"}</msg>
<msg timestamp="20220630 06:32:35.921" level="INFO">Successfully created browser with options: {"browser":"chromium","headless":false,"handleSIGINT":true,"handleSIGTERM":true,"handleSIGHUP":true,"timeout":30000,"devtools":false,"slowMo":1000,"tracesDir":"C:\\users\\user\\documents\\dev\\GravidadeZERO\\yodapp\\logs\\browser\\traces\\bf3852b4-dd0f-4586-9779-672907102daf"}</msg>
<status status="PASS" starttime="20220630 06:32:35.520" endtime="20220630 06:32:35.921"/>
</kw>
<kw name="New Page" library="Browser">
<arg>http://yodapp.vercel.app</arg>
<tag>BrowserControl</tag>
<tag>Setter</tag>
<doc>Open a new Page.</doc>
<msg timestamp="20220630 06:32:37.684" level="INFO">Successfully initialized new page object and opened url: http://yodapp.vercel.app</msg>
<msg timestamp="20220630 06:32:37.684" level="INFO">No context was open. New context was automatically opened when this page is created.</msg>
<status status="PASS" starttime="20220630 06:32:35.921" endtime="20220630 06:32:37.685"/>
</kw>
<status status="PASS" starttime="20220630 06:32:35.520" endtime="20220630 06:32:37.685"/>
</kw>
<kw name="Click" library="Browser">
<arg>text=Novo</arg>
<tag>PageContent</tag>
<tag>Setter</tag>
<doc>Simulates mouse click on the element found by ``selector``.</doc>
<status status="PASS" starttime="20220630 06:32:37.685" endtime="20220630 06:32:38.734"/>
</kw>
<kw name="Wait For Elements State" library="Browser">
<arg>css=.card-header-title &gt;&gt; text=Cadastrar novo usuário</arg>
<arg>visible</arg>
<arg>5</arg>
<tag>PageContent</tag>
<tag>Wait</tag>
<doc>Waits for the element found by ``selector`` to satisfy state option.</doc>
<msg timestamp="20220630 06:32:38.746" level="INFO">Waited for Element with selector css=.card-header-title &gt;&gt; text=Cadastrar novo usuário at state visible</msg>
<status status="PASS" starttime="20220630 06:32:38.734" endtime="20220630 06:32:38.746"/>
</kw>
<kw name="Fill Text" library="Browser">
<arg>css=input[placeholder^="Nome"]</arg>
<arg>Darth Vader</arg>
<tag>PageContent</tag>
<tag>Setter</tag>
<doc>Clears and fills the given ``txt`` into the text field found by ``selector``.</doc>
<msg timestamp="20220630 06:32:38.746" level="INFO">Fills the text 'Darth Vader' in the given field.</msg>
<status status="PASS" starttime="20220630 06:32:38.746" endtime="20220630 06:32:39.775"/>
</kw>
<kw name="Fill Text" library="Browser">
<arg>css=input[placeholder="Email"]</arg>
<arg>vader&amp;hotmail.com</arg>
<tag>PageContent</tag>
<tag>Setter</tag>
<doc>Clears and fills the given ``txt`` into the text field found by ``selector``.</doc>
<msg timestamp="20220630 06:32:39.776" level="INFO">Fills the text 'vader&amp;hotmail.com' in the given field.</msg>
<status status="PASS" starttime="20220630 06:32:39.776" endtime="20220630 06:32:40.808"/>
</kw>
<kw name="Select Options By" library="Browser">
<arg>css=.ordem select</arg>
<arg>value</arg>
<arg>2</arg>
<tag>PageContent</tag>
<tag>Setter</tag>
<doc>Selects options from select element found by ``selector``.</doc>
<status status="PASS" starttime="20220630 06:32:40.809" endtime="20220630 06:32:42.855"/>
</kw>
<kw name="Select Birth Date">
<arg>janeiro-1980-12</arg>
<kw name="Split String" library="String">
<var>@{date}</var>
<arg>${text_date}</arg>
<arg>-</arg>
<doc>Splits the ``string`` using ``separator`` as a delimiter string.</doc>
<msg timestamp="20220630 06:32:42.856" level="INFO">@{date} = [ janeiro | 1980 | 12 ]</msg>
<status status="PASS" starttime="20220630 06:32:42.856" endtime="20220630 06:32:42.856"/>
</kw>
<kw name="Click" library="Browser">
<arg>css=input[placeholder="Data de nascimento"]</arg>
<tag>PageContent</tag>
<tag>Setter</tag>
<doc>Simulates mouse click on the element found by ``selector``.</doc>
<status status="PASS" starttime="20220630 06:32:42.856" endtime="20220630 06:32:43.900"/>
</kw>
<kw name="Select Options By" library="Browser">
<arg>xpath=(//header[@class="datepicker-header"]//select)[1]</arg>
<arg>text</arg>
<arg>${date}[0]</arg>
<tag>PageContent</tag>
<tag>Setter</tag>
<doc>Selects options from select element found by ``selector``.</doc>
<status status="PASS" starttime="20220630 06:32:43.900" endtime="20220630 06:32:45.942"/>
</kw>
<kw name="Select Options By" library="Browser">
<arg>xpath=(//header[@class="datepicker-header"]//select)[2]</arg>
<arg>value</arg>
<arg>${date}[1]</arg>
<tag>PageContent</tag>
<tag>Setter</tag>
<doc>Selects options from select element found by ``selector``.</doc>
<status status="PASS" starttime="20220630 06:32:45.942" endtime="20220630 06:32:47.991"/>
</kw>
<kw name="Click" library="Browser">
<arg>xpath=//a[contains(@class, "datepicker-cell")]//span[text()="${date}[2]"]</arg>
<tag>PageContent</tag>
<tag>Setter</tag>
<doc>Simulates mouse click on the element found by ``selector``.</doc>
<status status="PASS" starttime="20220630 06:32:47.991" endtime="20220630 06:32:49.038"/>
</kw>
<status status="PASS" starttime="20220630 06:32:42.855" endtime="20220630 06:32:49.038"/>
</kw>
<kw name="Fill Text" library="Browser">
<arg>id=insta</arg>
<arg>@vader</arg>
<tag>PageContent</tag>
<tag>Setter</tag>
<doc>Clears and fills the given ``txt`` into the text field found by ``selector``.</doc>
<msg timestamp="20220630 06:32:49.038" level="INFO">Fills the text '@vader' in the given field.</msg>
<status status="PASS" starttime="20220630 06:32:49.038" endtime="20220630 06:32:50.065"/>
</kw>
<kw name="Click" library="Browser">
<arg>xpath=//input[@name="comunications"]/../span[@class="check"]</arg>
<tag>PageContent</tag>
<tag>Setter</tag>
<doc>Simulates mouse click on the element found by ``selector``.</doc>
<status status="PASS" starttime="20220630 06:32:50.066" endtime="20220630 06:32:51.097"/>
</kw>
<kw name="Click" library="Browser">
<arg>css=button &gt;&gt; text=Cadastrar</arg>
<tag>PageContent</tag>
<tag>Setter</tag>
<doc>Simulates mouse click on the element found by ``selector``.</doc>
<status status="PASS" starttime="20220630 06:32:51.097" endtime="20220630 06:32:52.134"/>
</kw>
<kw name="Wait For Elements State" library="Browser">
<arg>css=.toast div &gt;&gt; text=Oops! O email é incorreto.</arg>
<arg>visible</arg>
<arg>5</arg>
<tag>PageContent</tag>
<tag>Wait</tag>
<doc>Waits for the element found by ``selector`` to satisfy state option.</doc>
<msg timestamp="20220630 06:32:52.142" level="INFO">Waited for Element with selector css=.toast div &gt;&gt; text=Oops! O email é incorreto. at state visible</msg>
<status status="PASS" starttime="20220630 06:32:52.134" endtime="20220630 06:32:52.142"/>
</kw>
<kw name="End Session" library="base" type="TEARDOWN">
<kw name="Take Screenshot" library="Browser">
<tag>PageContent</tag>
<doc>Takes a screenshot of the current window or element and saves it to disk.</doc>
<msg timestamp="20220630 06:32:52.239" level="INFO" html="true">&lt;/td&gt;&lt;/tr&gt;&lt;tr&gt;&lt;td colspan="3"&gt;&lt;a href="browser/screenshot/robotframework-browser-screenshot-2.png"&gt;&lt;img src="browser/screenshot/robotframework-browser-screenshot-2.png" width="800px"&gt;&lt;/a&gt;</msg>
<status status="PASS" starttime="20220630 06:32:52.143" endtime="20220630 06:32:52.239"/>
</kw>
<status status="PASS" starttime="20220630 06:32:52.143" endtime="20220630 06:32:52.239"/>
</kw>
<tag>inv_email</tag>
<status status="PASS" starttime="20220630 06:32:35.516" endtime="20220630 06:32:52.240"/>
</test>
<doc>Suite de testes do cadastro de personagens</doc>
<status status="PASS" starttime="20220630 06:32:16.948" endtime="20220630 06:32:52.285"/>
</suite>
<statistics>
<total>
<stat pass="2" fail="0" skip="0">All Tests</stat>
</total>
<tag>
<stat pass="1" fail="0" skip="0">happy</stat>
<stat pass="1" fail="0" skip="0">inv_email</stat>
</tag>
<suite>
<stat pass="2" fail="0" skip="0" id="s1" name="Cadastro">Cadastro</stat>
</suite>
</statistics>
<errors>
</errors>
</robot>
