<?xml version="1.0" encoding="UTF-8"?>
<robot generator="Robot 5.0.1 (Python 3.10.5 on win32)" generated="20220704 09:26:40.798" rpa="false" schemaversion="3">
<suite id="s1" name="Tests" source="C:\users\user\documents\dev\GravidadeZERO\yodapp\tests">
<suite id="s1-s1" name="Cadastro" source="C:\users\user\documents\dev\GravidadeZERO\yodapp\tests\cadastro.robot">
<test id="s1-s1-t1" name="Deve cadastrar um novo personagem" line="10">
<kw name="Start Session" library="base" type="SETUP">
<kw name="New Browser" library="Browser">
<arg>chromium</arg>
<arg>headless=False</arg>
<arg>slowMo=00:00:01</arg>
<tag>BrowserControl</tag>
<tag>Setter</tag>
<doc>Create a new playwright Browser with specified options.</doc>
<msg timestamp="20220704 09:26:41.533" level="INFO">{"browser": "chromium", "headless": false, "handleSIGINT": true, "handleSIGTERM": true, "handleSIGHUP": true, "timeout": 30000.0, "devtools": false, "slowMo": 1000.0, "tracesDir": "C:\\users\\user\\documents\\dev\\GravidadeZERO\\yodapp\\logs\\browser\\traces\\beead2eb-4da3-4c49-b6de-256885f1c730"}</msg>
<msg timestamp="20220704 09:26:41.849" level="INFO">Successfully created browser with options: {"browser":"chromium","headless":false,"handleSIGINT":true,"handleSIGTERM":true,"handleSIGHUP":true,"timeout":30000,"devtools":false,"slowMo":1000,"tracesDir":"C:\\users\\user\\documents\\dev\\GravidadeZERO\\yodapp\\logs\\browser\\traces\\beead2eb-4da3-4c49-b6de-256885f1c730"}</msg>
<status status="PASS" starttime="20220704 09:26:41.532" endtime="20220704 09:26:41.849"/>
</kw>
<kw name="New Page" library="Browser">
<arg>http://yodapp-testing.vercel.app</arg>
<tag>BrowserControl</tag>
<tag>Setter</tag>
<doc>Open a new Page.</doc>
<msg timestamp="20220704 09:26:43.733" level="INFO">Successfully initialized new page object and opened url: http://yodapp-testing.vercel.app</msg>
<msg timestamp="20220704 09:26:43.733" level="INFO">No context was open. New context was automatically opened when this page is created.</msg>
<status status="PASS" starttime="20220704 09:26:41.850" endtime="20220704 09:26:43.733"/>
</kw>
<status status="PASS" starttime="20220704 09:26:41.532" endtime="20220704 09:26:43.733"/>
</kw>
<kw name="Go To User Form" library="actions">
<kw name="Click" library="Browser">
<arg>text=Novo</arg>
<tag>PageContent</tag>
<tag>Setter</tag>
<doc>Simulates mouse click on the element found by ``selector``.</doc>
<status status="PASS" starttime="20220704 09:26:43.734" endtime="20220704 09:26:44.795"/>
</kw>
<kw name="Wait For Elements State" library="Browser">
<arg>css=.card-header-title &gt;&gt; text=Cadastrar novo usuário</arg>
<arg>visible</arg>
<arg>5</arg>
<tag>PageContent</tag>
<tag>Wait</tag>
<doc>Waits for the element found by ``selector`` to satisfy state option.</doc>
<msg timestamp="20220704 09:26:44.810" level="INFO">Waited for Element with selector css=.card-header-title &gt;&gt; text=Cadastrar novo usuário at state visible</msg>
<status status="PASS" starttime="20220704 09:26:44.795" endtime="20220704 09:26:44.810"/>
</kw>
<status status="PASS" starttime="20220704 09:26:43.734" endtime="20220704 09:26:44.810"/>
</kw>
<kw name="Fill User Form" library="actions">
<arg>Mestre Yoda</arg>
<arg>yoda@jedi.com</arg>
<arg>Jedi</arg>
<arg>fevereiro-1970-20</arg>
<arg>@yoda</arg>
<kw name="Fill Text" library="Browser">
<arg>css=input[name="nome"]</arg>
<arg>${name}</arg>
<tag>PageContent</tag>
<tag>Setter</tag>
<doc>Clears and fills the given ``txt`` into the text field found by ``selector``.</doc>
<msg timestamp="20220704 09:26:44.811" level="INFO">Fills the text 'Mestre Yoda' in the given field.</msg>
<status status="PASS" starttime="20220704 09:26:44.811" endtime="20220704 09:26:45.830"/>
</kw>
<kw name="Fill Text" library="Browser">
<arg>css=input[name="email"]</arg>
<arg>${email}</arg>
<tag>PageContent</tag>
<tag>Setter</tag>
<doc>Clears and fills the given ``txt`` into the text field found by ``selector``.</doc>
<msg timestamp="20220704 09:26:45.831" level="INFO">Fills the text 'yoda@jedi.com' in the given field.</msg>
<status status="PASS" starttime="20220704 09:26:45.831" endtime="20220704 09:26:46.852"/>
</kw>
<kw name="Select Options By" library="Browser">
<arg>css=.ordem select</arg>
<arg>text</arg>
<arg>${ordem}</arg>
<tag>PageContent</tag>
<tag>Setter</tag>
<doc>Selects options from select element found by ``selector``.</doc>
<status status="PASS" starttime="20220704 09:26:46.852" endtime="20220704 09:26:48.899"/>
</kw>
<kw name="Select Birth Date" library="actions">
<arg>${bdate}</arg>
<kw name="Split String" library="String">
<var>@{date}</var>
<arg>${text_date}</arg>
<arg>-</arg>
<doc>Splits the ``string`` using ``separator`` as a delimiter string.</doc>
<msg timestamp="20220704 09:26:48.900" level="INFO">@{date} = [ fevereiro | 1970 | 20 ]</msg>
<status status="PASS" starttime="20220704 09:26:48.900" endtime="20220704 09:26:48.900"/>
</kw>
<kw name="Click" library="Browser">
<arg>css=input[name="Data de nascimento"]</arg>
<tag>PageContent</tag>
<tag>Setter</tag>
<doc>Simulates mouse click on the element found by ``selector``.</doc>
<status status="PASS" starttime="20220704 09:26:48.900" endtime="20220704 09:26:49.955"/>
</kw>
<kw name="Select Options By" library="Browser">
<arg>xpath=(//header[@class="datepicker-header"]//select)[1]</arg>
<arg>text</arg>
<arg>${date}[0]</arg>
<tag>PageContent</tag>
<tag>Setter</tag>
<doc>Selects options from select element found by ``selector``.</doc>
<status status="PASS" starttime="20220704 09:26:49.955" endtime="20220704 09:26:51.987"/>
</kw>
<kw name="Select Options By" library="Browser">
<arg>xpath=(//header[@class="datepicker-header"]//select)[2]</arg>
<arg>value</arg>
<arg>${date}[1]</arg>
<tag>PageContent</tag>
<tag>Setter</tag>
<doc>Selects options from select element found by ``selector``.</doc>
<status status="PASS" starttime="20220704 09:26:51.987" endtime="20220704 09:26:54.024"/>
</kw>
<kw name="Click" library="Browser">
<arg>xpath=//a[contains(@class, "datepicker-cell")]//span[text()="${date}[2]"]</arg>
<tag>PageContent</tag>
<tag>Setter</tag>
<doc>Simulates mouse click on the element found by ``selector``.</doc>
<status status="PASS" starttime="20220704 09:26:54.024" endtime="20220704 09:26:55.079"/>
</kw>
<status status="PASS" starttime="20220704 09:26:48.899" endtime="20220704 09:26:55.079"/>
</kw>
<kw name="Fill Text" library="Browser">
<arg>id=insta</arg>
<arg>${instagram}</arg>
<tag>PageContent</tag>
<tag>Setter</tag>
<doc>Clears and fills the given ``txt`` into the text field found by ``selector``.</doc>
<msg timestamp="20220704 09:26:55.079" level="INFO">Fills the text '@yoda' in the given field.</msg>
<status status="PASS" starttime="20220704 09:26:55.079" endtime="20220704 09:26:56.103"/>
</kw>
<status status="PASS" starttime="20220704 09:26:44.810" endtime="20220704 09:26:56.104"/>
</kw>
<kw name="Select Jedi" library="actions">
<arg>Cavaleiro Jedi</arg>
<kw name="Click" library="Browser">
<arg>xpath=//input[@value="${tpjedi}"]/..//span[@class="check"]</arg>
<tag>PageContent</tag>
<tag>Setter</tag>
<doc>Simulates mouse click on the element found by ``selector``.</doc>
<status status="PASS" starttime="20220704 09:26:56.104" endtime="20220704 09:26:57.152"/>
</kw>
<status status="PASS" starttime="20220704 09:26:56.104" endtime="20220704 09:26:57.152"/>
</kw>
<kw name="Check Accept Communications" library="actions">
<kw name="Click" library="Browser">
<arg>xpath=//input[@name="comunications"]/../span[@class="check"]</arg>
<tag>PageContent</tag>
<tag>Setter</tag>
<doc>Simulates mouse click on the element found by ``selector``.</doc>
<status status="PASS" starttime="20220704 09:26:57.152" endtime="20220704 09:26:58.190"/>
</kw>
<status status="PASS" starttime="20220704 09:26:57.152" endtime="20220704 09:26:58.190"/>
</kw>
<kw name="Submit User Form" library="actions">
<kw name="Click" library="Browser">
<arg>css=button &gt;&gt; text=Cadastrar</arg>
<tag>PageContent</tag>
<tag>Setter</tag>
<doc>Simulates mouse click on the element found by ``selector``.</doc>
<status status="PASS" starttime="20220704 09:26:58.191" endtime="20220704 09:26:59.230"/>
</kw>
<status status="PASS" starttime="20220704 09:26:58.191" endtime="20220704 09:26:59.231"/>
</kw>
<kw name="Toaster Message Should Be" library="actions">
<arg>Usuário cadastrado com sucesso!</arg>
<kw name="Wait For Elements State" library="Browser">
<arg>css=.toast div &gt;&gt; text=${expected_message}</arg>
<arg>visible</arg>
<arg>5</arg>
<tag>PageContent</tag>
<tag>Wait</tag>
<doc>Waits for the element found by ``selector`` to satisfy state option.</doc>
<msg timestamp="20220704 09:26:59.238" level="INFO">Waited for Element with selector css=.toast div &gt;&gt; text=Usuário cadastrado com sucesso! at state visible</msg>
<status status="PASS" starttime="20220704 09:26:59.231" endtime="20220704 09:26:59.239"/>
</kw>
<status status="PASS" starttime="20220704 09:26:59.231" endtime="20220704 09:26:59.239"/>
</kw>
<kw name="End Session" library="base" type="TEARDOWN">
<kw name="Take Screenshot" library="Browser">
<tag>PageContent</tag>
<doc>Takes a screenshot of the current window or element and saves it to disk.</doc>
<msg timestamp="20220704 09:26:59.334" level="INFO" html="true">&lt;/td&gt;&lt;/tr&gt;&lt;tr&gt;&lt;td colspan="3"&gt;&lt;a href="browser/screenshot/robotframework-browser-screenshot-1.png"&gt;&lt;img src="browser/screenshot/robotframework-browser-screenshot-1.png" width="800px"&gt;&lt;/a&gt;</msg>
<status status="PASS" starttime="20220704 09:26:59.239" endtime="20220704 09:26:59.335"/>
</kw>
<status status="PASS" starttime="20220704 09:26:59.239" endtime="20220704 09:26:59.335"/>
</kw>
<tag>happy</tag>
<status status="PASS" starttime="20220704 09:26:41.530" endtime="20220704 09:26:59.335"/>
</test>
<test id="s1-s1-t2" name="Email Incorreto" line="21">
<kw name="Start Session" library="base" type="SETUP">
<kw name="New Browser" library="Browser">
<arg>chromium</arg>
<arg>headless=False</arg>
<arg>slowMo=00:00:01</arg>
<tag>BrowserControl</tag>
<tag>Setter</tag>
<doc>Create a new playwright Browser with specified options.</doc>
<msg timestamp="20220704 09:26:59.393" level="INFO">{"browser": "chromium", "headless": false, "handleSIGINT": true, "handleSIGTERM": true, "handleSIGHUP": true, "timeout": 30000.0, "devtools": false, "slowMo": 1000.0, "tracesDir": "C:\\users\\user\\documents\\dev\\GravidadeZERO\\yodapp\\logs\\browser\\traces\\a2d035a4-2ea4-44e9-8d83-770b59602430"}</msg>
<msg timestamp="20220704 09:26:59.749" level="INFO">Successfully created browser with options: {"browser":"chromium","headless":false,"handleSIGINT":true,"handleSIGTERM":true,"handleSIGHUP":true,"timeout":30000,"devtools":false,"slowMo":1000,"tracesDir":"C:\\users\\user\\documents\\dev\\GravidadeZERO\\yodapp\\logs\\browser\\traces\\a2d035a4-2ea4-44e9-8d83-770b59602430"}</msg>
<status status="PASS" starttime="20220704 09:26:59.392" endtime="20220704 09:26:59.749"/>
</kw>
<kw name="New Page" library="Browser">
<arg>http://yodapp-testing.vercel.app</arg>
<tag>BrowserControl</tag>
<tag>Setter</tag>
<doc>Open a new Page.</doc>
<msg timestamp="20220704 09:27:01.808" level="INFO">Successfully initialized new page object and opened url: http://yodapp-testing.vercel.app</msg>
<msg timestamp="20220704 09:27:01.808" level="INFO">No context was open. New context was automatically opened when this page is created.</msg>
<status status="PASS" starttime="20220704 09:26:59.749" endtime="20220704 09:27:01.808"/>
</kw>
<status status="PASS" starttime="20220704 09:26:59.391" endtime="20220704 09:27:01.808"/>
</kw>
<kw name="Go To User Form" library="actions">
<kw name="Click" library="Browser">
<arg>text=Novo</arg>
<tag>PageContent</tag>
<tag>Setter</tag>
<doc>Simulates mouse click on the element found by ``selector``.</doc>
<status status="PASS" starttime="20220704 09:27:01.809" endtime="20220704 09:27:02.876"/>
</kw>
<kw name="Wait For Elements State" library="Browser">
<arg>css=.card-header-title &gt;&gt; text=Cadastrar novo usuário</arg>
<arg>visible</arg>
<arg>5</arg>
<tag>PageContent</tag>
<tag>Wait</tag>
<doc>Waits for the element found by ``selector`` to satisfy state option.</doc>
<msg timestamp="20220704 09:27:02.888" level="INFO">Waited for Element with selector css=.card-header-title &gt;&gt; text=Cadastrar novo usuário at state visible</msg>
<status status="PASS" starttime="20220704 09:27:02.876" endtime="20220704 09:27:02.888"/>
</kw>
<status status="PASS" starttime="20220704 09:27:01.809" endtime="20220704 09:27:02.888"/>
</kw>
<kw name="Fill User Form" library="actions">
<arg>Darth Vader</arg>
<arg>vader&amp;hotmail.com</arg>
<arg>Sith</arg>
<arg>dezembro-1980-15</arg>
<arg>@vader</arg>
<kw name="Fill Text" library="Browser">
<arg>css=input[name="nome"]</arg>
<arg>${name}</arg>
<tag>PageContent</tag>
<tag>Setter</tag>
<doc>Clears and fills the given ``txt`` into the text field found by ``selector``.</doc>
<msg timestamp="20220704 09:27:02.889" level="INFO">Fills the text 'Darth Vader' in the given field.</msg>
<status status="PASS" starttime="20220704 09:27:02.889" endtime="20220704 09:27:03.922"/>
</kw>
<kw name="Fill Text" library="Browser">
<arg>css=input[name="email"]</arg>
<arg>${email}</arg>
<tag>PageContent</tag>
<tag>Setter</tag>
<doc>Clears and fills the given ``txt`` into the text field found by ``selector``.</doc>
<msg timestamp="20220704 09:27:03.922" level="INFO">Fills the text 'vader&amp;hotmail.com' in the given field.</msg>
<status status="PASS" starttime="20220704 09:27:03.922" endtime="20220704 09:27:04.947"/>
</kw>
<kw name="Select Options By" library="Browser">
<arg>css=.ordem select</arg>
<arg>text</arg>
<arg>${ordem}</arg>
<tag>PageContent</tag>
<tag>Setter</tag>
<doc>Selects options from select element found by ``selector``.</doc>
<status status="PASS" starttime="20220704 09:27:04.947" endtime="20220704 09:27:07.000"/>
</kw>
<kw name="Select Birth Date" library="actions">
<arg>${bdate}</arg>
<kw name="Split String" library="String">
<var>@{date}</var>
<arg>${text_date}</arg>
<arg>-</arg>
<doc>Splits the ``string`` using ``separator`` as a delimiter string.</doc>
<msg timestamp="20220704 09:27:07.000" level="INFO">@{date} = [ dezembro | 1980 | 15 ]</msg>
<status status="PASS" starttime="20220704 09:27:07.000" endtime="20220704 09:27:07.000"/>
</kw>
<kw name="Click" library="Browser">
<arg>css=input[name="Data de nascimento"]</arg>
<tag>PageContent</tag>
<tag>Setter</tag>
<doc>Simulates mouse click on the element found by ``selector``.</doc>
<status status="PASS" starttime="20220704 09:27:07.000" endtime="20220704 09:27:08.057"/>
</kw>
<kw name="Select Options By" library="Browser">
<arg>xpath=(//header[@class="datepicker-header"]//select)[1]</arg>
<arg>text</arg>
<arg>${date}[0]</arg>
<tag>PageContent</tag>
<tag>Setter</tag>
<doc>Selects options from select element found by ``selector``.</doc>
<status status="PASS" starttime="20220704 09:27:08.057" endtime="20220704 09:27:10.088"/>
</kw>
<kw name="Select Options By" library="Browser">
<arg>xpath=(//header[@class="datepicker-header"]//select)[2]</arg>
<arg>value</arg>
<arg>${date}[1]</arg>
<tag>PageContent</tag>
<tag>Setter</tag>
<doc>Selects options from select element found by ``selector``.</doc>
<status status="PASS" starttime="20220704 09:27:10.088" endtime="20220704 09:27:12.132"/>
</kw>
<kw name="Click" library="Browser">
<arg>xpath=//a[contains(@class, "datepicker-cell")]//span[text()="${date}[2]"]</arg>
<tag>PageContent</tag>
<tag>Setter</tag>
<doc>Simulates mouse click on the element found by ``selector``.</doc>
<status status="PASS" starttime="20220704 09:27:12.132" endtime="20220704 09:27:13.168"/>
</kw>
<status status="PASS" starttime="20220704 09:27:07.000" endtime="20220704 09:27:13.169"/>
</kw>
<kw name="Fill Text" library="Browser">
<arg>id=insta</arg>
<arg>${instagram}</arg>
<tag>PageContent</tag>
<tag>Setter</tag>
<doc>Clears and fills the given ``txt`` into the text field found by ``selector``.</doc>
<msg timestamp="20220704 09:27:13.169" level="INFO">Fills the text '@vader' in the given field.</msg>
<status status="PASS" starttime="20220704 09:27:13.169" endtime="20220704 09:27:14.193"/>
</kw>
<status status="PASS" starttime="20220704 09:27:02.888" endtime="20220704 09:27:14.194"/>
</kw>
<kw name="Check Accept Communications" library="actions">
<kw name="Click" library="Browser">
<arg>xpath=//input[@name="comunications"]/../span[@class="check"]</arg>
<tag>PageContent</tag>
<tag>Setter</tag>
<doc>Simulates mouse click on the element found by ``selector``.</doc>
<status status="PASS" starttime="20220704 09:27:14.194" endtime="20220704 09:27:15.234"/>
</kw>
<status status="PASS" starttime="20220704 09:27:14.194" endtime="20220704 09:27:15.234"/>
</kw>
<kw name="Submit User Form" library="actions">
<kw name="Click" library="Browser">
<arg>css=button &gt;&gt; text=Cadastrar</arg>
<tag>PageContent</tag>
<tag>Setter</tag>
<doc>Simulates mouse click on the element found by ``selector``.</doc>
<status status="PASS" starttime="20220704 09:27:15.235" endtime="20220704 09:27:16.276"/>
</kw>
<status status="PASS" starttime="20220704 09:27:15.235" endtime="20220704 09:27:16.276"/>
</kw>
<kw name="Toaster Message Should Be" library="actions">
<arg>Oops! o email é incorreto.</arg>
<kw name="Wait For Elements State" library="Browser">
<arg>css=.toast div &gt;&gt; text=${expected_message}</arg>
<arg>visible</arg>
<arg>5</arg>
<tag>PageContent</tag>
<tag>Wait</tag>
<doc>Waits for the element found by ``selector`` to satisfy state option.</doc>
<msg timestamp="20220704 09:27:16.285" level="INFO">Waited for Element with selector css=.toast div &gt;&gt; text=Oops! o email é incorreto. at state visible</msg>
<status status="PASS" starttime="20220704 09:27:16.277" endtime="20220704 09:27:16.285"/>
</kw>
<status status="PASS" starttime="20220704 09:27:16.277" endtime="20220704 09:27:16.285"/>
</kw>
<kw name="End Session" library="base" type="TEARDOWN">
<kw name="Take Screenshot" library="Browser">
<tag>PageContent</tag>
<doc>Takes a screenshot of the current window or element and saves it to disk.</doc>
<msg timestamp="20220704 09:27:16.379" level="INFO" html="true">&lt;/td&gt;&lt;/tr&gt;&lt;tr&gt;&lt;td colspan="3"&gt;&lt;a href="browser/screenshot/robotframework-browser-screenshot-2.png"&gt;&lt;img src="browser/screenshot/robotframework-browser-screenshot-2.png" width="800px"&gt;&lt;/a&gt;</msg>
<status status="PASS" starttime="20220704 09:27:16.285" endtime="20220704 09:27:16.379"/>
</kw>
<status status="PASS" starttime="20220704 09:27:16.285" endtime="20220704 09:27:16.379"/>
</kw>
<tag>inv_email</tag>
<status status="PASS" starttime="20220704 09:26:59.388" endtime="20220704 09:27:16.379"/>
</test>
<doc>Suite de testes do cadastro de personagens</doc>
<status status="PASS" starttime="20220704 09:26:40.818" endtime="20220704 09:27:16.423"/>
</suite>
<suite id="s1-s2" name="Online" source="C:\users\user\documents\dev\GravidadeZERO\yodapp\tests\online.robot">
<test id="s1-s2-t1" name="Yodapp deve estar online" line="10">
<kw name="Start Session" library="base" type="SETUP">
<kw name="New Browser" library="Browser">
<arg>chromium</arg>
<arg>headless=False</arg>
<arg>slowMo=00:00:01</arg>
<tag>BrowserControl</tag>
<tag>Setter</tag>
<doc>Create a new playwright Browser with specified options.</doc>
<msg timestamp="20220704 09:27:16.439" level="INFO">{"browser": "chromium", "headless": false, "handleSIGINT": true, "handleSIGTERM": true, "handleSIGHUP": true, "timeout": 30000.0, "devtools": false, "slowMo": 1000.0, "tracesDir": "C:\\users\\user\\documents\\dev\\GravidadeZERO\\yodapp\\logs\\browser\\traces\\b978ce90-43be-4bd5-b102-f51631a1970f"}</msg>
<msg timestamp="20220704 09:27:16.793" level="INFO">Successfully created browser with options: {"browser":"chromium","headless":false,"handleSIGINT":true,"handleSIGTERM":true,"handleSIGHUP":true,"timeout":30000,"devtools":false,"slowMo":1000,"tracesDir":"C:\\users\\user\\documents\\dev\\GravidadeZERO\\yodapp\\logs\\browser\\traces\\b978ce90-43be-4bd5-b102-f51631a1970f"}</msg>
<status status="PASS" starttime="20220704 09:27:16.438" endtime="20220704 09:27:16.794"/>
</kw>
<kw name="New Page" library="Browser">
<arg>http://yodapp-testing.vercel.app</arg>
<tag>BrowserControl</tag>
<tag>Setter</tag>
<doc>Open a new Page.</doc>
<msg timestamp="20220704 09:27:18.639" level="INFO">Successfully initialized new page object and opened url: http://yodapp-testing.vercel.app</msg>
<msg timestamp="20220704 09:27:18.640" level="INFO">No context was open. New context was automatically opened when this page is created.</msg>
<status status="PASS" starttime="20220704 09:27:16.794" endtime="20220704 09:27:18.640"/>
</kw>
<status status="PASS" starttime="20220704 09:27:16.438" endtime="20220704 09:27:18.640"/>
</kw>
<kw name="Get Title" library="Browser">
<arg>equal</arg>
<arg>Yodapp | QAninja</arg>
<tag>Assertion</tag>
<tag>Getter</tag>
<tag>PageContent</tag>
<doc>Returns the title of the current page.</doc>
<status status="PASS" starttime="20220704 09:27:18.641" endtime="20220704 09:27:18.644"/>
</kw>
<kw name="End Session" library="base" type="TEARDOWN">
<kw name="Take Screenshot" library="Browser">
<tag>PageContent</tag>
<doc>Takes a screenshot of the current window or element and saves it to disk.</doc>
<msg timestamp="20220704 09:27:18.840" level="INFO" html="true">&lt;/td&gt;&lt;/tr&gt;&lt;tr&gt;&lt;td colspan="3"&gt;&lt;a href="browser/screenshot/robotframework-browser-screenshot-3.png"&gt;&lt;img src="browser/screenshot/robotframework-browser-screenshot-3.png" width="800px"&gt;&lt;/a&gt;</msg>
<status status="PASS" starttime="20220704 09:27:18.645" endtime="20220704 09:27:18.841"/>
</kw>
<status status="PASS" starttime="20220704 09:27:18.645" endtime="20220704 09:27:18.841"/>
</kw>
<status status="PASS" starttime="20220704 09:27:16.435" endtime="20220704 09:27:18.841"/>
</test>
<test id="s1-s2-t2" name="Deve exibir mensagem de boas vindas" line="13">
<kw name="Start Session" library="base" type="SETUP">
<kw name="New Browser" library="Browser">
<arg>chromium</arg>
<arg>headless=False</arg>
<arg>slowMo=00:00:01</arg>
<tag>BrowserControl</tag>
<tag>Setter</tag>
<doc>Create a new playwright Browser with specified options.</doc>
<msg timestamp="20220704 09:27:18.888" level="INFO">{"browser": "chromium", "headless": false, "handleSIGINT": true, "handleSIGTERM": true, "handleSIGHUP": true, "timeout": 30000.0, "devtools": false, "slowMo": 1000.0, "tracesDir": "C:\\users\\user\\documents\\dev\\GravidadeZERO\\yodapp\\logs\\browser\\traces\\f84f21a2-ba92-4395-ae51-a08dd4ba1523"}</msg>
<msg timestamp="20220704 09:27:19.241" level="INFO">Successfully created browser with options: {"browser":"chromium","headless":false,"handleSIGINT":true,"handleSIGTERM":true,"handleSIGHUP":true,"timeout":30000,"devtools":false,"slowMo":1000,"tracesDir":"C:\\users\\user\\documents\\dev\\GravidadeZERO\\yodapp\\logs\\browser\\traces\\f84f21a2-ba92-4395-ae51-a08dd4ba1523"}</msg>
<status status="PASS" starttime="20220704 09:27:18.888" endtime="20220704 09:27:19.241"/>
</kw>
<kw name="New Page" library="Browser">
<arg>http://yodapp-testing.vercel.app</arg>
<tag>BrowserControl</tag>
<tag>Setter</tag>
<doc>Open a new Page.</doc>
<msg timestamp="20220704 09:27:21.075" level="INFO">Successfully initialized new page object and opened url: http://yodapp-testing.vercel.app</msg>
<msg timestamp="20220704 09:27:21.076" level="INFO">No context was open. New context was automatically opened when this page is created.</msg>
<status status="PASS" starttime="20220704 09:27:19.241" endtime="20220704 09:27:21.076"/>
</kw>
<status status="PASS" starttime="20220704 09:27:18.887" endtime="20220704 09:27:21.076"/>
</kw>
<kw name="Wait For Elements State" library="Browser">
<arg>css=.navbar-item &gt;&gt; text=Que a Força (qualidade) esteja com você!</arg>
<arg>visible</arg>
<arg>5</arg>
<tag>PageContent</tag>
<tag>Wait</tag>
<doc>Waits for the element found by ``selector`` to satisfy state option.</doc>
<msg timestamp="20220704 09:27:21.094" level="INFO">Waited for Element with selector css=.navbar-item &gt;&gt; text=Que a Força (qualidade) esteja com você! at state visible</msg>
<status status="PASS" starttime="20220704 09:27:21.076" endtime="20220704 09:27:21.094"/>
</kw>
<kw name="End Session" library="base" type="TEARDOWN">
<kw name="Take Screenshot" library="Browser">
<tag>PageContent</tag>
<doc>Takes a screenshot of the current window or element and saves it to disk.</doc>
<msg timestamp="20220704 09:27:21.288" level="INFO" html="true">&lt;/td&gt;&lt;/tr&gt;&lt;tr&gt;&lt;td colspan="3"&gt;&lt;a href="browser/screenshot/robotframework-browser-screenshot-4.png"&gt;&lt;img src="browser/screenshot/robotframework-browser-screenshot-4.png" width="800px"&gt;&lt;/a&gt;</msg>
<status status="PASS" starttime="20220704 09:27:21.095" endtime="20220704 09:27:21.288"/>
</kw>
<status status="PASS" starttime="20220704 09:27:21.095" endtime="20220704 09:27:21.288"/>
</kw>
<status status="PASS" starttime="20220704 09:27:18.883" endtime="20220704 09:27:21.288"/>
</test>
<doc>Suite de testes para verificar se o app está online</doc>
<status status="PASS" starttime="20220704 09:27:16.429" endtime="20220704 09:27:21.325"/>
</suite>
<status status="PASS" starttime="20220704 09:26:40.799" endtime="20220704 09:27:21.331"/>
</suite>
<statistics>
<total>
<stat pass="4" fail="0" skip="0">All Tests</stat>
</total>
<tag>
<stat pass="1" fail="0" skip="0">happy</stat>
<stat pass="1" fail="0" skip="0">inv_email</stat>
</tag>
<suite>
<stat pass="4" fail="0" skip="0" id="s1" name="Tests">Tests</stat>
<stat pass="2" fail="0" skip="0" id="s1-s1" name="Cadastro">Tests.Cadastro</stat>
<stat pass="2" fail="0" skip="0" id="s1-s2" name="Online">Tests.Online</stat>
</suite>
</statistics>
<errors>
</errors>
</robot>
