<?xml version="1.0" encoding="UTF-8"?>
<robot generator="Robot 5.0.1 (Python 3.10.5 on win32)" generated="20220704 09:37:27.755" rpa="false" schemaversion="3">
<suite id="s1" name="Tests" source="C:\users\user\documents\dev\GravidadeZERO\yodapp\tests">
<suite id="s1-s1" name="Cadastro" source="C:\users\user\documents\dev\GravidadeZERO\yodapp\tests\cadastro.robot">
<test id="s1-s1-t1" name="Deve cadastrar um novo personagem" line="10">
<kw name="Start Session" library="base" type="SETUP">
<kw name="New Browser" library="Browser">
<arg>chromium</arg>
<arg>headless=False</arg>
<arg>slowMo=00:00:01</arg>
<tag>BrowserControl</tag>
<tag>Setter</tag>
<doc>Create a new playwright Browser with specified options.</doc>
<msg timestamp="20220704 09:37:28.497" level="INFO">{"browser": "chromium", "headless": false, "handleSIGINT": true, "handleSIGTERM": true, "handleSIGHUP": true, "timeout": 30000.0, "devtools": false, "slowMo": 1000.0, "tracesDir": "C:\\users\\user\\documents\\dev\\GravidadeZERO\\yodapp\\logs\\browser\\traces\\f37962e6-c7ba-40d8-b76f-d21b61be6366"}</msg>
<msg timestamp="20220704 09:37:28.795" level="INFO">Successfully created browser with options: {"browser":"chromium","headless":false,"handleSIGINT":true,"handleSIGTERM":true,"handleSIGHUP":true,"timeout":30000,"devtools":false,"slowMo":1000,"tracesDir":"C:\\users\\user\\documents\\dev\\GravidadeZERO\\yodapp\\logs\\browser\\traces\\f37962e6-c7ba-40d8-b76f-d21b61be6366"}</msg>
<status status="PASS" starttime="20220704 09:37:28.496" endtime="20220704 09:37:28.795"/>
</kw>
<kw name="New Page" library="Browser">
<arg>http://yodapp-testing.vercel.app</arg>
<tag>BrowserControl</tag>
<tag>Setter</tag>
<doc>Open a new Page.</doc>
<msg timestamp="20220704 09:37:30.713" level="INFO">Successfully initialized new page object and opened url: http://yodapp-testing.vercel.app</msg>
<msg timestamp="20220704 09:37:30.713" level="INFO">No context was open. New context was automatically opened when this page is created.</msg>
<status status="PASS" starttime="20220704 09:37:28.796" endtime="20220704 09:37:30.713"/>
</kw>
<status status="PASS" starttime="20220704 09:37:28.496" endtime="20220704 09:37:30.713"/>
</kw>
<kw name="Create Dictionary" library="BuiltIn">
<var>&amp;{user}</var>
<arg>name=Mestre Yoda</arg>
<arg>email=yoda@jedi.com</arg>
<arg>ordem=Jedi</arg>
<arg>tpjedi=Cavaleiro Jedi</arg>
<arg>bdate=fevereiro-1970-20</arg>
<arg>instagram=@yoda</arg>
<doc>Creates and returns a dictionary based on the given ``items``.</doc>
<msg timestamp="20220704 09:37:30.714" level="INFO">&amp;{user} = { name=Mestre Yoda | email=yoda@jedi.com | ordem=Jedi | tpjedi=Cavaleiro Jedi | bdate=fevereiro-1970-20 | instagram=@yoda }</msg>
<status status="PASS" starttime="20220704 09:37:30.714" endtime="20220704 09:37:30.714"/>
</kw>
<kw name="Go To User Form" library="actions">
<kw name="Click" library="Browser">
<arg>text=Novo</arg>
<tag>PageContent</tag>
<tag>Setter</tag>
<doc>Simulates mouse click on the element found by ``selector``.</doc>
<status status="PASS" starttime="20220704 09:37:30.715" endtime="20220704 09:37:31.762"/>
</kw>
<kw name="Wait For Elements State" library="Browser">
<arg>css=.card-header-title &gt;&gt; text=Cadastrar novo usuário</arg>
<arg>visible</arg>
<arg>5</arg>
<tag>PageContent</tag>
<tag>Wait</tag>
<doc>Waits for the element found by ``selector`` to satisfy state option.</doc>
<msg timestamp="20220704 09:37:31.777" level="INFO">Waited for Element with selector css=.card-header-title &gt;&gt; text=Cadastrar novo usuário at state visible</msg>
<status status="PASS" starttime="20220704 09:37:31.762" endtime="20220704 09:37:31.777"/>
</kw>
<status status="PASS" starttime="20220704 09:37:30.714" endtime="20220704 09:37:31.777"/>
</kw>
<kw name="Fill User Form" library="actions">
<arg>${user}</arg>
<kw name="Fill Text" library="Browser">
<arg>css=input[name="nome"]</arg>
<arg>${user}[name]</arg>
<tag>PageContent</tag>
<tag>Setter</tag>
<doc>Clears and fills the given ``txt`` into the text field found by ``selector``.</doc>
<msg timestamp="20220704 09:37:31.778" level="INFO">Fills the text 'Mestre Yoda' in the given field.</msg>
<status status="PASS" starttime="20220704 09:37:31.778" endtime="20220704 09:37:32.810"/>
</kw>
<kw name="Fill Text" library="Browser">
<arg>css=input[name="email"]</arg>
<arg>${user}[email]</arg>
<tag>PageContent</tag>
<tag>Setter</tag>
<doc>Clears and fills the given ``txt`` into the text field found by ``selector``.</doc>
<msg timestamp="20220704 09:37:32.811" level="INFO">Fills the text 'yoda@jedi.com' in the given field.</msg>
<status status="PASS" starttime="20220704 09:37:32.810" endtime="20220704 09:37:33.836"/>
</kw>
<kw name="Select Options By" library="Browser">
<arg>css=.ordem select</arg>
<arg>text</arg>
<arg>${user}[ordem]</arg>
<tag>PageContent</tag>
<tag>Setter</tag>
<doc>Selects options from select element found by ``selector``.</doc>
<status status="PASS" starttime="20220704 09:37:33.836" endtime="20220704 09:37:35.902"/>
</kw>
<kw name="Select Birth Date" library="actions">
<arg>${user}[bdate]</arg>
<kw name="Split String" library="String">
<var>@{date}</var>
<arg>${text_date}</arg>
<arg>-</arg>
<doc>Splits the ``string`` using ``separator`` as a delimiter string.</doc>
<msg timestamp="20220704 09:37:35.902" level="INFO">@{date} = [ fevereiro | 1970 | 20 ]</msg>
<status status="PASS" starttime="20220704 09:37:35.902" endtime="20220704 09:37:35.902"/>
</kw>
<kw name="Click" library="Browser">
<arg>css=input[name="Data de nascimento"]</arg>
<tag>PageContent</tag>
<tag>Setter</tag>
<doc>Simulates mouse click on the element found by ``selector``.</doc>
<status status="PASS" starttime="20220704 09:37:35.902" endtime="20220704 09:37:36.944"/>
</kw>
<kw name="Select Options By" library="Browser">
<arg>xpath=(//header[@class="datepicker-header"]//select)[1]</arg>
<arg>text</arg>
<arg>${date}[0]</arg>
<tag>PageContent</tag>
<tag>Setter</tag>
<doc>Selects options from select element found by ``selector``.</doc>
<status status="PASS" starttime="20220704 09:37:36.944" endtime="20220704 09:37:39.010"/>
</kw>
<kw name="Select Options By" library="Browser">
<arg>xpath=(//header[@class="datepicker-header"]//select)[2]</arg>
<arg>value</arg>
<arg>${date}[1]</arg>
<tag>PageContent</tag>
<tag>Setter</tag>
<doc>Selects options from select element found by ``selector``.</doc>
<status status="PASS" starttime="20220704 09:37:39.010" endtime="20220704 09:37:41.059"/>
</kw>
<kw name="Click" library="Browser">
<arg>xpath=//a[contains(@class, "datepicker-cell")]//span[text()="${date}[2]"]</arg>
<tag>PageContent</tag>
<tag>Setter</tag>
<doc>Simulates mouse click on the element found by ``selector``.</doc>
<status status="PASS" starttime="20220704 09:37:41.059" endtime="20220704 09:37:42.094"/>
</kw>
<status status="PASS" starttime="20220704 09:37:35.902" endtime="20220704 09:37:42.094"/>
</kw>
<kw name="Fill Text" library="Browser">
<arg>id=insta</arg>
<arg>${user}[instagram]</arg>
<tag>PageContent</tag>
<tag>Setter</tag>
<doc>Clears and fills the given ``txt`` into the text field found by ``selector``.</doc>
<msg timestamp="20220704 09:37:42.095" level="INFO">Fills the text '@yoda' in the given field.</msg>
<status status="PASS" starttime="20220704 09:37:42.094" endtime="20220704 09:37:43.126"/>
</kw>
<status status="PASS" starttime="20220704 09:37:31.777" endtime="20220704 09:37:43.126"/>
</kw>
<kw name="Select Jedi" library="actions">
<arg>${user}[tpjedi]</arg>
<kw name="Click" library="Browser">
<arg>xpath=//input[@value="${tpjedi}"]/..//span[@class="check"]</arg>
<tag>PageContent</tag>
<tag>Setter</tag>
<doc>Simulates mouse click on the element found by ``selector``.</doc>
<status status="PASS" starttime="20220704 09:37:43.127" endtime="20220704 09:37:44.159"/>
</kw>
<status status="PASS" starttime="20220704 09:37:43.126" endtime="20220704 09:37:44.159"/>
</kw>
<kw name="Check Accept Communications" library="actions">
<kw name="Click" library="Browser">
<arg>xpath=//input[@name="comunications"]/../span[@class="check"]</arg>
<tag>PageContent</tag>
<tag>Setter</tag>
<doc>Simulates mouse click on the element found by ``selector``.</doc>
<status status="PASS" starttime="20220704 09:37:44.160" endtime="20220704 09:37:45.202"/>
</kw>
<status status="PASS" starttime="20220704 09:37:44.159" endtime="20220704 09:37:45.202"/>
</kw>
<kw name="Submit User Form" library="actions">
<kw name="Click" library="Browser">
<arg>css=button &gt;&gt; text=Cadastrar</arg>
<tag>PageContent</tag>
<tag>Setter</tag>
<doc>Simulates mouse click on the element found by ``selector``.</doc>
<status status="PASS" starttime="20220704 09:37:45.203" endtime="20220704 09:37:46.249"/>
</kw>
<status status="PASS" starttime="20220704 09:37:45.203" endtime="20220704 09:37:46.250"/>
</kw>
<kw name="Toaster Message Should Be" library="actions">
<arg>Usuário cadastrado com sucesso!</arg>
<kw name="Wait For Elements State" library="Browser">
<arg>css=.toast div &gt;&gt; text=${expected_message}</arg>
<arg>visible</arg>
<arg>5</arg>
<tag>PageContent</tag>
<tag>Wait</tag>
<doc>Waits for the element found by ``selector`` to satisfy state option.</doc>
<msg timestamp="20220704 09:37:46.258" level="INFO">Waited for Element with selector css=.toast div &gt;&gt; text=Usuário cadastrado com sucesso! at state visible</msg>
<status status="PASS" starttime="20220704 09:37:46.250" endtime="20220704 09:37:46.258"/>
</kw>
<status status="PASS" starttime="20220704 09:37:46.250" endtime="20220704 09:37:46.258"/>
</kw>
<kw name="End Session" library="base" type="TEARDOWN">
<kw name="Take Screenshot" library="Browser">
<tag>PageContent</tag>
<doc>Takes a screenshot of the current window or element and saves it to disk.</doc>
<msg timestamp="20220704 09:37:46.363" level="INFO" html="true">&lt;/td&gt;&lt;/tr&gt;&lt;tr&gt;&lt;td colspan="3"&gt;&lt;a href="browser/screenshot/robotframework-browser-screenshot-1.png"&gt;&lt;img src="browser/screenshot/robotframework-browser-screenshot-1.png" width="800px"&gt;&lt;/a&gt;</msg>
<status status="PASS" starttime="20220704 09:37:46.259" endtime="20220704 09:37:46.363"/>
</kw>
<status status="PASS" starttime="20220704 09:37:46.258" endtime="20220704 09:37:46.363"/>
</kw>
<tag>happy</tag>
<status status="PASS" starttime="20220704 09:37:28.494" endtime="20220704 09:37:46.363"/>
</test>
<test id="s1-s1-t2" name="Email Incorreto" line="29">
<kw name="Start Session" library="base" type="SETUP">
<kw name="New Browser" library="Browser">
<arg>chromium</arg>
<arg>headless=False</arg>
<arg>slowMo=00:00:01</arg>
<tag>BrowserControl</tag>
<tag>Setter</tag>
<doc>Create a new playwright Browser with specified options.</doc>
<msg timestamp="20220704 09:37:46.424" level="INFO">{"browser": "chromium", "headless": false, "handleSIGINT": true, "handleSIGTERM": true, "handleSIGHUP": true, "timeout": 30000.0, "devtools": false, "slowMo": 1000.0, "tracesDir": "C:\\users\\user\\documents\\dev\\GravidadeZERO\\yodapp\\logs\\browser\\traces\\77a29ce5-7694-426b-9723-309d3e78952e"}</msg>
<msg timestamp="20220704 09:37:46.799" level="INFO">Successfully created browser with options: {"browser":"chromium","headless":false,"handleSIGINT":true,"handleSIGTERM":true,"handleSIGHUP":true,"timeout":30000,"devtools":false,"slowMo":1000,"tracesDir":"C:\\users\\user\\documents\\dev\\GravidadeZERO\\yodapp\\logs\\browser\\traces\\77a29ce5-7694-426b-9723-309d3e78952e"}</msg>
<status status="PASS" starttime="20220704 09:37:46.423" endtime="20220704 09:37:46.799"/>
</kw>
<kw name="New Page" library="Browser">
<arg>http://yodapp-testing.vercel.app</arg>
<tag>BrowserControl</tag>
<tag>Setter</tag>
<doc>Open a new Page.</doc>
<msg timestamp="20220704 09:37:48.655" level="INFO">Successfully initialized new page object and opened url: http://yodapp-testing.vercel.app</msg>
<msg timestamp="20220704 09:37:48.656" level="INFO">No context was open. New context was automatically opened when this page is created.</msg>
<status status="PASS" starttime="20220704 09:37:46.800" endtime="20220704 09:37:48.656"/>
</kw>
<status status="PASS" starttime="20220704 09:37:46.423" endtime="20220704 09:37:48.656"/>
</kw>
<kw name="Create Dictionary" library="BuiltIn">
<var>&amp;{user}</var>
<arg>name=Darth Vader</arg>
<arg>email=vader&amp;hotmail.com</arg>
<arg>ordem=Sith</arg>
<arg>bdate=dezembro-1980-15</arg>
<arg>instagram=@vader</arg>
<doc>Creates and returns a dictionary based on the given ``items``.</doc>
<msg timestamp="20220704 09:37:48.657" level="INFO">&amp;{user} = { name=Darth Vader | email=vader&amp;hotmail.com | ordem=Sith | bdate=dezembro-1980-15 | instagram=@vader }</msg>
<status status="PASS" starttime="20220704 09:37:48.656" endtime="20220704 09:37:48.657"/>
</kw>
<kw name="Go To User Form" library="actions">
<kw name="Click" library="Browser">
<arg>text=Novo</arg>
<tag>PageContent</tag>
<tag>Setter</tag>
<doc>Simulates mouse click on the element found by ``selector``.</doc>
<status status="PASS" starttime="20220704 09:37:48.657" endtime="20220704 09:37:49.707"/>
</kw>
<kw name="Wait For Elements State" library="Browser">
<arg>css=.card-header-title &gt;&gt; text=Cadastrar novo usuário</arg>
<arg>visible</arg>
<arg>5</arg>
<tag>PageContent</tag>
<tag>Wait</tag>
<doc>Waits for the element found by ``selector`` to satisfy state option.</doc>
<msg timestamp="20220704 09:37:49.719" level="INFO">Waited for Element with selector css=.card-header-title &gt;&gt; text=Cadastrar novo usuário at state visible</msg>
<status status="PASS" starttime="20220704 09:37:49.707" endtime="20220704 09:37:49.719"/>
</kw>
<status status="PASS" starttime="20220704 09:37:48.657" endtime="20220704 09:37:49.719"/>
</kw>
<kw name="Fill User Form" library="actions">
<arg>${user}</arg>
<kw name="Fill Text" library="Browser">
<arg>css=input[name="nome"]</arg>
<arg>${user}[name]</arg>
<tag>PageContent</tag>
<tag>Setter</tag>
<doc>Clears and fills the given ``txt`` into the text field found by ``selector``.</doc>
<msg timestamp="20220704 09:37:49.720" level="INFO">Fills the text 'Darth Vader' in the given field.</msg>
<status status="PASS" starttime="20220704 09:37:49.720" endtime="20220704 09:37:50.750"/>
</kw>
<kw name="Fill Text" library="Browser">
<arg>css=input[name="email"]</arg>
<arg>${user}[email]</arg>
<tag>PageContent</tag>
<tag>Setter</tag>
<doc>Clears and fills the given ``txt`` into the text field found by ``selector``.</doc>
<msg timestamp="20220704 09:37:50.751" level="INFO">Fills the text 'vader&amp;hotmail.com' in the given field.</msg>
<status status="PASS" starttime="20220704 09:37:50.751" endtime="20220704 09:37:51.771"/>
</kw>
<kw name="Select Options By" library="Browser">
<arg>css=.ordem select</arg>
<arg>text</arg>
<arg>${user}[ordem]</arg>
<tag>PageContent</tag>
<tag>Setter</tag>
<doc>Selects options from select element found by ``selector``.</doc>
<status status="PASS" starttime="20220704 09:37:51.771" endtime="20220704 09:37:53.819"/>
</kw>
<kw name="Select Birth Date" library="actions">
<arg>${user}[bdate]</arg>
<kw name="Split String" library="String">
<var>@{date}</var>
<arg>${text_date}</arg>
<arg>-</arg>
<doc>Splits the ``string`` using ``separator`` as a delimiter string.</doc>
<msg timestamp="20220704 09:37:53.819" level="INFO">@{date} = [ dezembro | 1980 | 15 ]</msg>
<status status="PASS" starttime="20220704 09:37:53.819" endtime="20220704 09:37:53.819"/>
</kw>
<kw name="Click" library="Browser">
<arg>css=input[name="Data de nascimento"]</arg>
<tag>PageContent</tag>
<tag>Setter</tag>
<doc>Simulates mouse click on the element found by ``selector``.</doc>
<status status="PASS" starttime="20220704 09:37:53.819" endtime="20220704 09:37:54.865"/>
</kw>
<kw name="Select Options By" library="Browser">
<arg>xpath=(//header[@class="datepicker-header"]//select)[1]</arg>
<arg>text</arg>
<arg>${date}[0]</arg>
<tag>PageContent</tag>
<tag>Setter</tag>
<doc>Selects options from select element found by ``selector``.</doc>
<status status="PASS" starttime="20220704 09:37:54.865" endtime="20220704 09:37:56.907"/>
</kw>
<kw name="Select Options By" library="Browser">
<arg>xpath=(//header[@class="datepicker-header"]//select)[2]</arg>
<arg>value</arg>
<arg>${date}[1]</arg>
<tag>PageContent</tag>
<tag>Setter</tag>
<doc>Selects options from select element found by ``selector``.</doc>
<status status="PASS" starttime="20220704 09:37:56.907" endtime="20220704 09:37:58.951"/>
</kw>
<kw name="Click" library="Browser">
<arg>xpath=//a[contains(@class, "datepicker-cell")]//span[text()="${date}[2]"]</arg>
<tag>PageContent</tag>
<tag>Setter</tag>
<doc>Simulates mouse click on the element found by ``selector``.</doc>
<status status="PASS" starttime="20220704 09:37:58.952" endtime="20220704 09:37:59.994"/>
</kw>
<status status="PASS" starttime="20220704 09:37:53.819" endtime="20220704 09:37:59.994"/>
</kw>
<kw name="Fill Text" library="Browser">
<arg>id=insta</arg>
<arg>${user}[instagram]</arg>
<tag>PageContent</tag>
<tag>Setter</tag>
<doc>Clears and fills the given ``txt`` into the text field found by ``selector``.</doc>
<msg timestamp="20220704 09:37:59.995" level="INFO">Fills the text '@vader' in the given field.</msg>
<status status="PASS" starttime="20220704 09:37:59.994" endtime="20220704 09:38:01.025"/>
</kw>
<status status="PASS" starttime="20220704 09:37:49.720" endtime="20220704 09:38:01.025"/>
</kw>
<kw name="Check Accept Communications" library="actions">
<kw name="Click" library="Browser">
<arg>xpath=//input[@name="comunications"]/../span[@class="check"]</arg>
<tag>PageContent</tag>
<tag>Setter</tag>
<doc>Simulates mouse click on the element found by ``selector``.</doc>
<status status="PASS" starttime="20220704 09:38:01.026" endtime="20220704 09:38:02.054"/>
</kw>
<status status="PASS" starttime="20220704 09:38:01.025" endtime="20220704 09:38:02.054"/>
</kw>
<kw name="Submit User Form" library="actions">
<kw name="Click" library="Browser">
<arg>css=button &gt;&gt; text=Cadastrar</arg>
<tag>PageContent</tag>
<tag>Setter</tag>
<doc>Simulates mouse click on the element found by ``selector``.</doc>
<status status="PASS" starttime="20220704 09:38:02.055" endtime="20220704 09:38:03.086"/>
</kw>
<status status="PASS" starttime="20220704 09:38:02.054" endtime="20220704 09:38:03.086"/>
</kw>
<kw name="Toaster Message Should Be" library="actions">
<arg>Oops! o email é incorreto.</arg>
<kw name="Wait For Elements State" library="Browser">
<arg>css=.toast div &gt;&gt; text=${expected_message}</arg>
<arg>visible</arg>
<arg>5</arg>
<tag>PageContent</tag>
<tag>Wait</tag>
<doc>Waits for the element found by ``selector`` to satisfy state option.</doc>
<msg timestamp="20220704 09:38:03.096" level="INFO">Waited for Element with selector css=.toast div &gt;&gt; text=Oops! o email é incorreto. at state visible</msg>
<status status="PASS" starttime="20220704 09:38:03.087" endtime="20220704 09:38:03.096"/>
</kw>
<status status="PASS" starttime="20220704 09:38:03.087" endtime="20220704 09:38:03.097"/>
</kw>
<kw name="End Session" library="base" type="TEARDOWN">
<kw name="Take Screenshot" library="Browser">
<tag>PageContent</tag>
<doc>Takes a screenshot of the current window or element and saves it to disk.</doc>
<msg timestamp="20220704 09:38:03.193" level="INFO" html="true">&lt;/td&gt;&lt;/tr&gt;&lt;tr&gt;&lt;td colspan="3"&gt;&lt;a href="browser/screenshot/robotframework-browser-screenshot-2.png"&gt;&lt;img src="browser/screenshot/robotframework-browser-screenshot-2.png" width="800px"&gt;&lt;/a&gt;</msg>
<status status="PASS" starttime="20220704 09:38:03.097" endtime="20220704 09:38:03.193"/>
</kw>
<status status="PASS" starttime="20220704 09:38:03.097" endtime="20220704 09:38:03.193"/>
</kw>
<tag>inv_email</tag>
<status status="PASS" starttime="20220704 09:37:46.418" endtime="20220704 09:38:03.194"/>
</test>
<doc>Suite de testes do cadastro de personagens</doc>
<status status="PASS" starttime="20220704 09:37:27.777" endtime="20220704 09:38:03.236"/>
</suite>
<suite id="s1-s2" name="Online" source="C:\users\user\documents\dev\GravidadeZERO\yodapp\tests\online.robot">
<test id="s1-s2-t1" name="Yodapp deve estar online" line="10">
<kw name="Start Session" library="base" type="SETUP">
<kw name="New Browser" library="Browser">
<arg>chromium</arg>
<arg>headless=False</arg>
<arg>slowMo=00:00:01</arg>
<tag>BrowserControl</tag>
<tag>Setter</tag>
<doc>Create a new playwright Browser with specified options.</doc>
<msg timestamp="20220704 09:38:03.251" level="INFO">{"browser": "chromium", "headless": false, "handleSIGINT": true, "handleSIGTERM": true, "handleSIGHUP": true, "timeout": 30000.0, "devtools": false, "slowMo": 1000.0, "tracesDir": "C:\\users\\user\\documents\\dev\\GravidadeZERO\\yodapp\\logs\\browser\\traces\\2c5e525f-8c10-4393-a805-1c3ab3929342"}</msg>
<msg timestamp="20220704 09:38:03.615" level="INFO">Successfully created browser with options: {"browser":"chromium","headless":false,"handleSIGINT":true,"handleSIGTERM":true,"handleSIGHUP":true,"timeout":30000,"devtools":false,"slowMo":1000,"tracesDir":"C:\\users\\user\\documents\\dev\\GravidadeZERO\\yodapp\\logs\\browser\\traces\\2c5e525f-8c10-4393-a805-1c3ab3929342"}</msg>
<status status="PASS" starttime="20220704 09:38:03.250" endtime="20220704 09:38:03.615"/>
</kw>
<kw name="New Page" library="Browser">
<arg>http://yodapp-testing.vercel.app</arg>
<tag>BrowserControl</tag>
<tag>Setter</tag>
<doc>Open a new Page.</doc>
<msg timestamp="20220704 09:38:05.481" level="INFO">Successfully initialized new page object and opened url: http://yodapp-testing.vercel.app</msg>
<msg timestamp="20220704 09:38:05.482" level="INFO">No context was open. New context was automatically opened when this page is created.</msg>
<status status="PASS" starttime="20220704 09:38:03.616" endtime="20220704 09:38:05.482"/>
</kw>
<status status="PASS" starttime="20220704 09:38:03.250" endtime="20220704 09:38:05.482"/>
</kw>
<kw name="Get Title" library="Browser">
<arg>equal</arg>
<arg>Yodapp | QAninja</arg>
<tag>Assertion</tag>
<tag>Getter</tag>
<tag>PageContent</tag>
<doc>Returns the title of the current page.</doc>
<status status="PASS" starttime="20220704 09:38:05.482" endtime="20220704 09:38:05.486"/>
</kw>
<kw name="End Session" library="base" type="TEARDOWN">
<kw name="Take Screenshot" library="Browser">
<tag>PageContent</tag>
<doc>Takes a screenshot of the current window or element and saves it to disk.</doc>
<msg timestamp="20220704 09:38:05.687" level="INFO" html="true">&lt;/td&gt;&lt;/tr&gt;&lt;tr&gt;&lt;td colspan="3"&gt;&lt;a href="browser/screenshot/robotframework-browser-screenshot-3.png"&gt;&lt;img src="browser/screenshot/robotframework-browser-screenshot-3.png" width="800px"&gt;&lt;/a&gt;</msg>
<status status="PASS" starttime="20220704 09:38:05.487" endtime="20220704 09:38:05.687"/>
</kw>
<status status="PASS" starttime="20220704 09:38:05.487" endtime="20220704 09:38:05.687"/>
</kw>
<status status="PASS" starttime="20220704 09:38:03.248" endtime="20220704 09:38:05.688"/>
</test>
<test id="s1-s2-t2" name="Deve exibir mensagem de boas vindas" line="13">
<kw name="Start Session" library="base" type="SETUP">
<kw name="New Browser" library="Browser">
<arg>chromium</arg>
<arg>headless=False</arg>
<arg>slowMo=00:00:01</arg>
<tag>BrowserControl</tag>
<tag>Setter</tag>
<doc>Create a new playwright Browser with specified options.</doc>
<msg timestamp="20220704 09:38:05.723" level="INFO">{"browser": "chromium", "headless": false, "handleSIGINT": true, "handleSIGTERM": true, "handleSIGHUP": true, "timeout": 30000.0, "devtools": false, "slowMo": 1000.0, "tracesDir": "C:\\users\\user\\documents\\dev\\GravidadeZERO\\yodapp\\logs\\browser\\traces\\93b283d4-a522-40e1-b9f1-ebd2fc674d8d"}</msg>
<msg timestamp="20220704 09:38:06.001" level="INFO">Successfully created browser with options: {"browser":"chromium","headless":false,"handleSIGINT":true,"handleSIGTERM":true,"handleSIGHUP":true,"timeout":30000,"devtools":false,"slowMo":1000,"tracesDir":"C:\\users\\user\\documents\\dev\\GravidadeZERO\\yodapp\\logs\\browser\\traces\\93b283d4-a522-40e1-b9f1-ebd2fc674d8d"}</msg>
<status status="PASS" starttime="20220704 09:38:05.723" endtime="20220704 09:38:06.001"/>
</kw>
<kw name="New Page" library="Browser">
<arg>http://yodapp-testing.vercel.app</arg>
<tag>BrowserControl</tag>
<tag>Setter</tag>
<doc>Open a new Page.</doc>
<msg timestamp="20220704 09:38:07.803" level="INFO">Successfully initialized new page object and opened url: http://yodapp-testing.vercel.app</msg>
<msg timestamp="20220704 09:38:07.804" level="INFO">No context was open. New context was automatically opened when this page is created.</msg>
<status status="PASS" starttime="20220704 09:38:06.001" endtime="20220704 09:38:07.804"/>
</kw>
<status status="PASS" starttime="20220704 09:38:05.723" endtime="20220704 09:38:07.804"/>
</kw>
<kw name="Wait For Elements State" library="Browser">
<arg>css=.navbar-item &gt;&gt; text=Que a Força (qualidade) esteja com você!</arg>
<arg>visible</arg>
<arg>5</arg>
<tag>PageContent</tag>
<tag>Wait</tag>
<doc>Waits for the element found by ``selector`` to satisfy state option.</doc>
<msg timestamp="20220704 09:38:07.823" level="INFO">Waited for Element with selector css=.navbar-item &gt;&gt; text=Que a Força (qualidade) esteja com você! at state visible</msg>
<status status="PASS" starttime="20220704 09:38:07.804" endtime="20220704 09:38:07.823"/>
</kw>
<kw name="End Session" library="base" type="TEARDOWN">
<kw name="Take Screenshot" library="Browser">
<tag>PageContent</tag>
<doc>Takes a screenshot of the current window or element and saves it to disk.</doc>
<msg timestamp="20220704 09:38:08.019" level="INFO" html="true">&lt;/td&gt;&lt;/tr&gt;&lt;tr&gt;&lt;td colspan="3"&gt;&lt;a href="browser/screenshot/robotframework-browser-screenshot-4.png"&gt;&lt;img src="browser/screenshot/robotframework-browser-screenshot-4.png" width="800px"&gt;&lt;/a&gt;</msg>
<status status="PASS" starttime="20220704 09:38:07.824" endtime="20220704 09:38:08.020"/>
</kw>
<status status="PASS" starttime="20220704 09:38:07.824" endtime="20220704 09:38:08.020"/>
</kw>
<status status="PASS" starttime="20220704 09:38:05.719" endtime="20220704 09:38:08.020"/>
</test>
<doc>Suite de testes para verificar se o app está online</doc>
<status status="PASS" starttime="20220704 09:38:03.240" endtime="20220704 09:38:08.050"/>
</suite>
<status status="PASS" starttime="20220704 09:37:27.757" endtime="20220704 09:38:08.053"/>
</suite>
<statistics>
<total>
<stat pass="4" fail="0" skip="0">All Tests</stat>
</total>
<tag>
<stat pass="1" fail="0" skip="0">happy</stat>
<stat pass="1" fail="0" skip="0">inv_email</stat>
</tag>
<suite>
<stat pass="4" fail="0" skip="0" id="s1" name="Tests">Tests</stat>
<stat pass="2" fail="0" skip="0" id="s1-s1" name="Cadastro">Tests.Cadastro</stat>
<stat pass="2" fail="0" skip="0" id="s1-s2" name="Online">Tests.Online</stat>
</suite>
</statistics>
<errors>
</errors>
</robot>
