<?xml version="1.0" encoding="UTF-8"?>
<robot generator="Robot 5.0.1 (Python 3.10.5 on win32)" generated="20220629 05:27:47.289" rpa="false" schemaversion="3">
<suite id="s1" name="Yodapp" source="C:\users\user\documents\dev\GravidadeZERO\yodapp">
<suite id="s1-s1" name="Online" source="C:\users\user\documents\dev\GravidadeZERO\yodapp\online.robot">
<test id="s1-s1-t1" name="Deve exibir mensagem de boas vindas" line="16">
<kw name="New Browser" library="Browser">
<arg>webkit</arg>
<arg>headless=False</arg>
<arg>slowMo=00:00:03</arg>
<tag>BrowserControl</tag>
<tag>Setter</tag>
<doc>Create a new playwright Browser with specified options.</doc>
<msg timestamp="20220629 05:27:48.544" level="INFO">{"browser": "webkit", "headless": false, "handleSIGINT": true, "handleSIGTERM": true, "handleSIGHUP": true, "timeout": 30000.0, "devtools": false, "slowMo": 3000.0, "tracesDir": "C:\\users\\user\\documents\\dev\\GravidadeZERO\\yodapp\\results\\browser\\traces\\f0d405c1-5199-49ad-86c3-a65f947f3ee4"}</msg>
<msg timestamp="20220629 05:27:49.207" level="INFO">Successfully created browser with options: {"browser":"webkit","headless":false,"handleSIGINT":true,"handleSIGTERM":true,"handleSIGHUP":true,"timeout":30000,"devtools":false,"slowMo":3000,"tracesDir":"C:\\users\\user\\documents\\dev\\GravidadeZERO\\yodapp\\results\\browser\\traces\\f0d405c1-5199-49ad-86c3-a65f947f3ee4"}</msg>
<status status="PASS" starttime="20220629 05:27:48.543" endtime="20220629 05:27:49.209"/>
</kw>
<kw name="New Page" library="Browser">
<arg>http://yodapp.vercel.app</arg>
<tag>BrowserControl</tag>
<tag>Setter</tag>
<doc>Open a new Page.</doc>
<msg timestamp="20220629 05:27:54.411" level="INFO">Successfully initialized new page object and opened url: http://yodapp.vercel.app</msg>
<msg timestamp="20220629 05:27:54.412" level="INFO">No context was open. New context was automatically opened when this page is created.</msg>
<status status="PASS" starttime="20220629 05:27:49.209" endtime="20220629 05:27:54.413"/>
</kw>
<kw name="Wait For Elements State" library="Browser">
<arg>css=.navbar-item</arg>
<arg>visible</arg>
<arg>5</arg>
<tag>PageContent</tag>
<tag>Wait</tag>
<doc>Waits for the element found by ``selector`` to satisfy state option.</doc>
<msg timestamp="20220629 05:27:59.403" level="WARN">Keyword 'Take Screenshot  fail-screenshot-{index}' could not be run on failure:
Error: Tried to take screenshot, but no page was open.</msg>
<msg timestamp="20220629 05:27:59.405" level="FAIL">Error: Could not find active page</msg>
<status status="FAIL" starttime="20220629 05:27:54.414" endtime="20220629 05:27:59.428"/>
</kw>
<status status="FAIL" starttime="20220629 05:27:48.539" endtime="20220629 05:27:59.429">Error: Could not find active page</status>
</test>
<doc>Suite de testes para verificar se o app está online</doc>
<status status="FAIL" starttime="20220629 05:27:47.318" endtime="20220629 05:27:59.440"/>
</suite>
<status status="FAIL" starttime="20220629 05:27:47.298" endtime="20220629 05:27:59.444"/>
</suite>
<statistics>
<total>
<stat pass="0" fail="1" skip="0">All Tests</stat>
</total>
<tag>
</tag>
<suite>
<stat pass="0" fail="1" skip="0" id="s1" name="Yodapp">Yodapp</stat>
<stat pass="0" fail="1" skip="0" id="s1-s1" name="Online">Yodapp.Online</stat>
</suite>
</statistics>
<errors>
<msg timestamp="20220629 05:27:59.403" level="WARN">Keyword 'Take Screenshot  fail-screenshot-{index}' could not be run on failure:
Error: Tried to take screenshot, but no page was open.</msg>
</errors>
</robot>
